{"C:\\TechControl\\__jest_mocks__\\expo-font.js": {"path":"C:\\TechControl\\__jest_mocks__\\expo-font.js","statementMap":{"0":{"start":{"line":1,"column":14},"end":{"line":1,"column":30}},"1":{"start":{"line":2,"column":17},"end":{"line":2,"column":40}},"2":{"start":{"line":4,"column":0},"end":{"line":9,"column":2}},"3":{"start":{"line":6,"column":26},"end":{"line":6,"column":30}},"4":{"start":{"line":7,"column":39},"end":{"line":7,"column":43}},"5":{"start":{"line":8,"column":59},"end":{"line":8,"column":63}},"6":{"start":{"line":8,"column":103},"end":{"line":8,"column":107}}},"fnMap":{"0":{"name":"(anonymous_0)","decl":{"start":{"line":6,"column":20},"end":{"line":6,"column":21}},"loc":{"start":{"line":6,"column":26},"end":{"line":6,"column":30}},"line":6},"1":{"name":"(anonymous_1)","decl":{"start":{"line":7,"column":29},"end":{"line":7,"column":30}},"loc":{"start":{"line":7,"column":39},"end":{"line":7,"column":43}},"line":7},"2":{"name":"(anonymous_2)","decl":{"start":{"line":8,"column":53},"end":{"line":8,"column":54}},"loc":{"start":{"line":8,"column":59},"end":{"line":8,"column":63}},"line":8},"3":{"name":"(anonymous_3)","decl":{"start":{"line":8,"column":93},"end":{"line":8,"column":94}},"loc":{"start":{"line":8,"column":103},"end":{"line":8,"column":107}},"line":8}},"branchMap":{},"s":{"0":7,"1":7,"2":7,"3":59,"4":0,"5":0,"6":0},"f":{"0":59,"1":0,"2":0,"3":0},"b":{},"_coverageSchema":"1a1c01bbd47fc00a2c39e90264f33305004495a9","hash":"a533f2164d14f89bd16f59fc3a6dd7335c5fefe4"}
,"C:\\TechControl\\__jest_mocks__\\react-native-reanimated.js": {"path":"C:\\TechControl\\__jest_mocks__\\react-native-reanimated.js","statementMap":{"0":{"start":{"line":1,"column":14},"end":{"line":1,"column":30}},"1":{"start":{"line":2,"column":17},"end":{"line":2,"column":40}},"2":{"start":{"line":4,"column":19},"end":{"line":45,"column":1}},"3":{"start":{"line":11,"column":25},"end":{"line":13,"column":5}},"4":{"start":{"line":12,"column":6},"end":{"line":12,"column":50}},"5":{"start":{"line":14,"column":4},"end":{"line":14,"column":51}},"6":{"start":{"line":15,"column":4},"end":{"line":15,"column":24}},"7":{"start":{"line":18,"column":15},"end":{"line":18,"column":20}},"8":{"start":{"line":19,"column":14},"end":{"line":19,"column":18}},"9":{"start":{"line":20,"column":17},"end":{"line":20,"column":24}},"10":{"start":{"line":26,"column":30},"end":{"line":26,"column":75}},"11":{"start":{"line":26,"column":49},"end":{"line":26,"column":72}},"12":{"start":{"line":26,"column":66},"end":{"line":26,"column":68}},"13":{"start":{"line":27,"column":28},"end":{"line":27,"column":73}},"14":{"start":{"line":27,"column":47},"end":{"line":27,"column":70}},"15":{"start":{"line":27,"column":64},"end":{"line":27,"column":66}},"16":{"start":{"line":28,"column":26},"end":{"line":28,"column":71}},"17":{"start":{"line":28,"column":45},"end":{"line":28,"column":68}},"18":{"start":{"line":28,"column":62},"end":{"line":28,"column":64}},"19":{"start":{"line":29,"column":27},"end":{"line":29,"column":72}},"20":{"start":{"line":29,"column":46},"end":{"line":29,"column":69}},"21":{"start":{"line":29,"column":63},"end":{"line":29,"column":65}},"22":{"start":{"line":30,"column":29},"end":{"line":30,"column":74}},"23":{"start":{"line":30,"column":48},"end":{"line":30,"column":71}},"24":{"start":{"line":30,"column":65},"end":{"line":30,"column":67}},"25":{"start":{"line":31,"column":31},"end":{"line":31,"column":76}},"26":{"start":{"line":31,"column":50},"end":{"line":31,"column":73}},"27":{"start":{"line":31,"column":67},"end":{"line":31,"column":69}},"28":{"start":{"line":32,"column":26},"end":{"line":32,"column":71}},"29":{"start":{"line":32,"column":45},"end":{"line":32,"column":68}},"30":{"start":{"line":32,"column":62},"end":{"line":32,"column":64}},"31":{"start":{"line":33,"column":28},"end":{"line":33,"column":73}},"32":{"start":{"line":33,"column":47},"end":{"line":33,"column":70}},"33":{"start":{"line":33,"column":64},"end":{"line":33,"column":66}},"34":{"start":{"line":34,"column":32},"end":{"line":34,"column":77}},"35":{"start":{"line":34,"column":51},"end":{"line":34,"column":74}},"36":{"start":{"line":34,"column":68},"end":{"line":34,"column":70}},"37":{"start":{"line":35,"column":31},"end":{"line":35,"column":76}},"38":{"start":{"line":35,"column":50},"end":{"line":35,"column":73}},"39":{"start":{"line":35,"column":67},"end":{"line":35,"column":69}},"40":{"start":{"line":36,"column":23},"end":{"line":36,"column":26}},"41":{"start":{"line":37,"column":23},"end":{"line":37,"column":26}},"42":{"start":{"line":38,"column":23},"end":{"line":38,"column":26}},"43":{"start":{"line":39,"column":28},"end":{"line":39,"column":42}},"44":{"start":{"line":40,"column":28},"end":{"line":40,"column":32}},"45":{"start":{"line":41,"column":27},"end":{"line":41,"column":31}},"46":{"start":{"line":42,"column":19},"end":{"line":42,"column":21}},"47":{"start":{"line":43,"column":19},"end":{"line":43,"column":21}},"48":{"start":{"line":47,"column":0},"end":{"line":47,"column":28}}},"fnMap":{"0":{"name":"(anonymous_0)","decl":{"start":{"line":10,"column":27},"end":{"line":10,"column":28}},"loc":{"start":{"line":10,"column":37},"end":{"line":16,"column":3}},"line":10},"1":{"name":"(anonymous_1)","decl":{"start":{"line":11,"column":42},"end":{"line":11,"column":43}},"loc":{"start":{"line":12,"column":6},"end":{"line":12,"column":50}},"line":12},"2":{"name":"(anonymous_2)","decl":{"start":{"line":18,"column":9},"end":{"line":18,"column":10}},"loc":{"start":{"line":18,"column":15},"end":{"line":18,"column":20}},"line":18},"3":{"name":"(anonymous_3)","decl":{"start":{"line":19,"column":8},"end":{"line":19,"column":9}},"loc":{"start":{"line":19,"column":14},"end":{"line":19,"column":18}},"line":19},"4":{"name":"(anonymous_4)","decl":{"start":{"line":20,"column":11},"end":{"line":20,"column":12}},"loc":{"start":{"line":20,"column":17},"end":{"line":20,"column":24}},"line":20},"5":{"name":"(anonymous_5)","decl":{"start":{"line":26,"column":23},"end":{"line":26,"column":24}},"loc":{"start":{"line":26,"column":30},"end":{"line":26,"column":75}},"line":26},"6":{"name":"(anonymous_6)","decl":{"start":{"line":26,"column":42},"end":{"line":26,"column":43}},"loc":{"start":{"line":26,"column":49},"end":{"line":26,"column":72}},"line":26},"7":{"name":"(anonymous_7)","decl":{"start":{"line":26,"column":59},"end":{"line":26,"column":60}},"loc":{"start":{"line":26,"column":66},"end":{"line":26,"column":68}},"line":26},"8":{"name":"(anonymous_8)","decl":{"start":{"line":27,"column":21},"end":{"line":27,"column":22}},"loc":{"start":{"line":27,"column":28},"end":{"line":27,"column":73}},"line":27},"9":{"name":"(anonymous_9)","decl":{"start":{"line":27,"column":40},"end":{"line":27,"column":41}},"loc":{"start":{"line":27,"column":47},"end":{"line":27,"column":70}},"line":27},"10":{"name":"(anonymous_10)","decl":{"start":{"line":27,"column":57},"end":{"line":27,"column":58}},"loc":{"start":{"line":27,"column":64},"end":{"line":27,"column":66}},"line":27},"11":{"name":"(anonymous_11)","decl":{"start":{"line":28,"column":19},"end":{"line":28,"column":20}},"loc":{"start":{"line":28,"column":26},"end":{"line":28,"column":71}},"line":28},"12":{"name":"(anonymous_12)","decl":{"start":{"line":28,"column":38},"end":{"line":28,"column":39}},"loc":{"start":{"line":28,"column":45},"end":{"line":28,"column":68}},"line":28},"13":{"name":"(anonymous_13)","decl":{"start":{"line":28,"column":55},"end":{"line":28,"column":56}},"loc":{"start":{"line":28,"column":62},"end":{"line":28,"column":64}},"line":28},"14":{"name":"(anonymous_14)","decl":{"start":{"line":29,"column":20},"end":{"line":29,"column":21}},"loc":{"start":{"line":29,"column":27},"end":{"line":29,"column":72}},"line":29},"15":{"name":"(anonymous_15)","decl":{"start":{"line":29,"column":39},"end":{"line":29,"column":40}},"loc":{"start":{"line":29,"column":46},"end":{"line":29,"column":69}},"line":29},"16":{"name":"(anonymous_16)","decl":{"start":{"line":29,"column":56},"end":{"line":29,"column":57}},"loc":{"start":{"line":29,"column":63},"end":{"line":29,"column":65}},"line":29},"17":{"name":"(anonymous_17)","decl":{"start":{"line":30,"column":22},"end":{"line":30,"column":23}},"loc":{"start":{"line":30,"column":29},"end":{"line":30,"column":74}},"line":30},"18":{"name":"(anonymous_18)","decl":{"start":{"line":30,"column":41},"end":{"line":30,"column":42}},"loc":{"start":{"line":30,"column":48},"end":{"line":30,"column":71}},"line":30},"19":{"name":"(anonymous_19)","decl":{"start":{"line":30,"column":58},"end":{"line":30,"column":59}},"loc":{"start":{"line":30,"column":65},"end":{"line":30,"column":67}},"line":30},"20":{"name":"(anonymous_20)","decl":{"start":{"line":31,"column":24},"end":{"line":31,"column":25}},"loc":{"start":{"line":31,"column":31},"end":{"line":31,"column":76}},"line":31},"21":{"name":"(anonymous_21)","decl":{"start":{"line":31,"column":43},"end":{"line":31,"column":44}},"loc":{"start":{"line":31,"column":50},"end":{"line":31,"column":73}},"line":31},"22":{"name":"(anonymous_22)","decl":{"start":{"line":31,"column":60},"end":{"line":31,"column":61}},"loc":{"start":{"line":31,"column":67},"end":{"line":31,"column":69}},"line":31},"23":{"name":"(anonymous_23)","decl":{"start":{"line":32,"column":19},"end":{"line":32,"column":20}},"loc":{"start":{"line":32,"column":26},"end":{"line":32,"column":71}},"line":32},"24":{"name":"(anonymous_24)","decl":{"start":{"line":32,"column":38},"end":{"line":32,"column":39}},"loc":{"start":{"line":32,"column":45},"end":{"line":32,"column":68}},"line":32},"25":{"name":"(anonymous_25)","decl":{"start":{"line":32,"column":55},"end":{"line":32,"column":56}},"loc":{"start":{"line":32,"column":62},"end":{"line":32,"column":64}},"line":32},"26":{"name":"(anonymous_26)","decl":{"start":{"line":33,"column":21},"end":{"line":33,"column":22}},"loc":{"start":{"line":33,"column":28},"end":{"line":33,"column":73}},"line":33},"27":{"name":"(anonymous_27)","decl":{"start":{"line":33,"column":40},"end":{"line":33,"column":41}},"loc":{"start":{"line":33,"column":47},"end":{"line":33,"column":70}},"line":33},"28":{"name":"(anonymous_28)","decl":{"start":{"line":33,"column":57},"end":{"line":33,"column":58}},"loc":{"start":{"line":33,"column":64},"end":{"line":33,"column":66}},"line":33},"29":{"name":"(anonymous_29)","decl":{"start":{"line":34,"column":25},"end":{"line":34,"column":26}},"loc":{"start":{"line":34,"column":32},"end":{"line":34,"column":77}},"line":34},"30":{"name":"(anonymous_30)","decl":{"start":{"line":34,"column":44},"end":{"line":34,"column":45}},"loc":{"start":{"line":34,"column":51},"end":{"line":34,"column":74}},"line":34},"31":{"name":"(anonymous_31)","decl":{"start":{"line":34,"column":61},"end":{"line":34,"column":62}},"loc":{"start":{"line":34,"column":68},"end":{"line":34,"column":70}},"line":34},"32":{"name":"(anonymous_32)","decl":{"start":{"line":35,"column":24},"end":{"line":35,"column":25}},"loc":{"start":{"line":35,"column":31},"end":{"line":35,"column":76}},"line":35},"33":{"name":"(anonymous_33)","decl":{"start":{"line":35,"column":43},"end":{"line":35,"column":44}},"loc":{"start":{"line":35,"column":50},"end":{"line":35,"column":73}},"line":35},"34":{"name":"(anonymous_34)","decl":{"start":{"line":35,"column":60},"end":{"line":35,"column":61}},"loc":{"start":{"line":35,"column":67},"end":{"line":35,"column":69}},"line":35},"35":{"name":"(anonymous_35)","decl":{"start":{"line":36,"column":14},"end":{"line":36,"column":15}},"loc":{"start":{"line":36,"column":23},"end":{"line":36,"column":26}},"line":36},"36":{"name":"(anonymous_36)","decl":{"start":{"line":37,"column":14},"end":{"line":37,"column":15}},"loc":{"start":{"line":37,"column":23},"end":{"line":37,"column":26}},"line":37},"37":{"name":"(anonymous_37)","decl":{"start":{"line":38,"column":14},"end":{"line":38,"column":15}},"loc":{"start":{"line":38,"column":23},"end":{"line":38,"column":26}},"line":38},"38":{"name":"(anonymous_38)","decl":{"start":{"line":39,"column":18},"end":{"line":39,"column":19}},"loc":{"start":{"line":39,"column":28},"end":{"line":39,"column":42}},"line":39},"39":{"name":"(anonymous_39)","decl":{"start":{"line":40,"column":20},"end":{"line":40,"column":21}},"loc":{"start":{"line":40,"column":28},"end":{"line":40,"column":32}},"line":40},"40":{"name":"(anonymous_40)","decl":{"start":{"line":41,"column":19},"end":{"line":41,"column":20}},"loc":{"start":{"line":41,"column":27},"end":{"line":41,"column":31}},"line":41},"41":{"name":"(anonymous_41)","decl":{"start":{"line":42,"column":11},"end":{"line":42,"column":12}},"loc":{"start":{"line":42,"column":19},"end":{"line":42,"column":21}},"line":42},"42":{"name":"(anonymous_42)","decl":{"start":{"line":43,"column":11},"end":{"line":43,"column":12}},"loc":{"start":{"line":43,"column":19},"end":{"line":43,"column":21}},"line":43}},"branchMap":{},"s":{"0":2,"1":2,"2":2,"3":0,"4":0,"5":0,"6":0,"7":3,"8":0,"9":0,"10":2,"11":2,"12":2,"13":1,"14":1,"15":1,"16":0,"17":0,"18":0,"19":0,"20":0,"21":0,"22":0,"23":0,"24":0,"25":0,"26":0,"27":0,"28":0,"29":0,"30":0,"31":0,"32":0,"33":0,"34":0,"35":0,"36":0,"37":0,"38":0,"39":0,"40":0,"41":0,"42":0,"43":0,"44":0,"45":0,"46":0,"47":0,"48":2},"f":{"0":0,"1":0,"2":3,"3":0,"4":0,"5":2,"6":2,"7":2,"8":1,"9":1,"10":1,"11":0,"12":0,"13":0,"14":0,"15":0,"16":0,"17":0,"18":0,"19":0,"20":0,"21":0,"22":0,"23":0,"24":0,"25":0,"26":0,"27":0,"28":0,"29":0,"30":0,"31":0,"32":0,"33":0,"34":0,"35":0,"36":0,"37":0,"38":0,"39":0,"40":0,"41":0,"42":0},"b":{},"_coverageSchema":"1a1c01bbd47fc00a2c39e90264f33305004495a9","hash":"999866a42674bf2df8f910d3aaa2120dea695e59"}
,"C:\\TechControl\\src\\components\\AnimatedCard.tsx": {"path":"C:\\TechControl\\src\\components\\AnimatedCard.tsx","statementMap":{"0":{"start":{"line":15,"column":27},"end":{"line":18,"column":1}},"1":{"start":{"line":21,"column":21},"end":{"line":21,"column":31}},"2":{"start":{"line":22,"column":24},"end":{"line":22,"column":100}},"3":{"start":{"line":23,"column":20},"end":{"line":23,"column":49}},"4":{"start":{"line":25,"column":2},"end":{"line":40,"column":4}}},"fnMap":{"0":{"name":"AnimatedCard","decl":{"start":{"line":20,"column":16},"end":{"line":20,"column":28}},"loc":{"start":{"line":20,"column":109},"end":{"line":41,"column":1}},"line":20}},"branchMap":{"0":{"loc":{"start":{"line":20,"column":57},"end":{"line":20,"column":66}},"type":"default-arg","locations":[{"start":{"line":20,"column":65},"end":{"line":20,"column":66}}],"line":20},"1":{"loc":{"start":{"line":20,"column":68},"end":{"line":20,"column":86}},"type":"default-arg","locations":[{"start":{"line":20,"column":80},"end":{"line":20,"column":86}}],"line":20},"2":{"loc":{"start":{"line":22,"column":24},"end":{"line":22,"column":100}},"type":"cond-expr","locations":[{"start":{"line":22,"column":34},"end":{"line":22,"column":84}},{"start":{"line":22,"column":87},"end":{"line":22,"column":100}}],"line":22}},"s":{"0":2,"1":3,"2":3,"3":3,"4":3},"f":{"0":3},"b":{"0":[2],"1":[2],"2":[0,3]},"_coverageSchema":"1a1c01bbd47fc00a2c39e90264f33305004495a9","hash":"69fb10448a8822f8f85e277864c90904ae4fe03c"}
,"C:\\TechControl\\src\\components\\Avatar.tsx": {"path":"C:\\TechControl\\src\\components\\Avatar.tsx","statementMap":{"0":{"start":{"line":16,"column":21},"end":{"line":16,"column":31}},"1":{"start":{"line":17,"column":23},"end":{"line":17,"column":31}},"2":{"start":{"line":19,"column":18},"end":{"line":27,"column":3}},"3":{"start":{"line":29,"column":2},"end":{"line":36,"column":3}},"4":{"start":{"line":30,"column":4},"end":{"line":35,"column":6}},"5":{"start":{"line":38,"column":2},"end":{"line":43,"column":4}},"6":{"start":{"line":46,"column":15},"end":{"line":51,"column":2}}},"fnMap":{"0":{"name":"Avatar","decl":{"start":{"line":15,"column":16},"end":{"line":15,"column":22}},"loc":{"start":{"line":15,"column":92},"end":{"line":44,"column":1}},"line":15}},"branchMap":{"0":{"loc":{"start":{"line":15,"column":25},"end":{"line":15,"column":34}},"type":"default-arg","locations":[{"start":{"line":15,"column":32},"end":{"line":15,"column":34}}],"line":15},"1":{"loc":{"start":{"line":15,"column":46},"end":{"line":15,"column":55}},"type":"default-arg","locations":[{"start":{"line":15,"column":53},"end":{"line":15,"column":55}}],"line":15},"2":{"loc":{"start":{"line":19,"column":18},"end":{"line":27,"column":3}},"type":"cond-expr","locations":[{"start":{"line":20,"column":4},"end":{"line":20,"column":108}},{"start":{"line":22,"column":4},"end":{"line":26,"column":11}}],"line":19},"3":{"loc":{"start":{"line":24,"column":9},"end":{"line":24,"column":33}},"type":"binary-expr","locations":[{"start":{"line":24,"column":9},"end":{"line":24,"column":26}},{"start":{"line":24,"column":30},"end":{"line":24,"column":33}}],"line":24},"4":{"loc":{"start":{"line":29,"column":2},"end":{"line":36,"column":3}},"type":"if","locations":[{"start":{"line":29,"column":2},"end":{"line":36,"column":3}},{"start":{},"end":{}}],"line":29},"5":{"loc":{"start":{"line":33,"column":9},"end":{"line":33,"column":156}},"type":"binary-expr","locations":[{"start":{"line":33,"column":9},"end":{"line":33,"column":18}},{"start":{"line":33,"column":22},"end":{"line":33,"column":156}}],"line":33},"6":{"loc":{"start":{"line":41,"column":7},"end":{"line":41,"column":154}},"type":"binary-expr","locations":[{"start":{"line":41,"column":7},"end":{"line":41,"column":16}},{"start":{"line":41,"column":20},"end":{"line":41,"column":154}}],"line":41}},"s":{"0":4,"1":4,"2":4,"3":4,"4":1,"5":3,"6":2},"f":{"0":4},"b":{"0":[1],"1":[3],"2":[0,4],"3":[4,1],"4":[1,3],"5":[1,0],"6":[3,0]},"_coverageSchema":"1a1c01bbd47fc00a2c39e90264f33305004495a9","hash":"abca0cde5f271650e522358645052dceb987c6fc"}
,"C:\\TechControl\\src\\components\\Badge.tsx": {"path":"C:\\TechControl\\src\\components\\Badge.tsx","statementMap":{"0":{"start":{"line":14,"column":29},"end":{"line":14,"column":39}},"1":{"start":{"line":16,"column":19},"end":{"line":22,"column":3}},"2":{"start":{"line":24,"column":42},"end":{"line":30,"column":3}},"3":{"start":{"line":32,"column":41},"end":{"line":38,"column":3}},"4":{"start":{"line":40,"column":16},"end":{"line":40,"column":41}},"5":{"start":{"line":42,"column":2},"end":{"line":66,"column":4}},"6":{"start":{"line":69,"column":15},"end":{"line":79,"column":2}}},"fnMap":{"0":{"name":"Badge","decl":{"start":{"line":13,"column":16},"end":{"line":13,"column":21}},"loc":{"start":{"line":13,"column":86},"end":{"line":67,"column":1}},"line":13}},"branchMap":{"0":{"loc":{"start":{"line":13,"column":31},"end":{"line":13,"column":50}},"type":"default-arg","locations":[{"start":{"line":13,"column":41},"end":{"line":13,"column":50}}],"line":13},"1":{"loc":{"start":{"line":13,"column":52},"end":{"line":13,"column":63}},"type":"default-arg","locations":[{"start":{"line":13,"column":59},"end":{"line":13,"column":63}}],"line":13},"2":{"loc":{"start":{"line":40,"column":16},"end":{"line":40,"column":41}},"type":"cond-expr","locations":[{"start":{"line":40,"column":25},"end":{"line":40,"column":31}},{"start":{"line":40,"column":34},"end":{"line":40,"column":41}}],"line":40},"3":{"loc":{"start":{"line":48,"column":29},"end":{"line":48,"column":68}},"type":"cond-expr","locations":[{"start":{"line":48,"column":45},"end":{"line":48,"column":55}},{"start":{"line":48,"column":58},"end":{"line":48,"column":68}}],"line":48},"4":{"loc":{"start":{"line":49,"column":27},"end":{"line":49,"column":57}},"type":"cond-expr","locations":[{"start":{"line":49,"column":43},"end":{"line":49,"column":44}},{"start":{"line":49,"column":47},"end":{"line":49,"column":57}}],"line":49},"5":{"loc":{"start":{"line":59,"column":22},"end":{"line":59,"column":45}},"type":"cond-expr","locations":[{"start":{"line":59,"column":38},"end":{"line":59,"column":40}},{"start":{"line":59,"column":43},"end":{"line":59,"column":45}}],"line":59}},"s":{"0":3,"1":3,"2":3,"3":3,"4":3,"5":3,"6":2},"f":{"0":3},"b":{"0":[2],"1":[2],"2":[0,3],"3":[3,0],"4":[3,0],"5":[3,0]},"_coverageSchema":"1a1c01bbd47fc00a2c39e90264f33305004495a9","hash":"714c188716db85c2c7ef5e7e89a48771998b2fcb"}
,"C:\\TechControl\\src\\components\\Button.tsx": {"path":"C:\\TechControl\\src\\components\\Button.tsx","statementMap":{"0":{"start":{"line":34,"column":21},"end":{"line":34,"column":31}},"1":{"start":{"line":36,"column":18},"end":{"line":41,"column":12}},"2":{"start":{"line":43,"column":20},"end":{"line":48,"column":12}},"3":{"start":{"line":50,"column":22},"end":{"line":50,"column":75}},"4":{"start":{"line":52,"column":17},"end":{"line":56,"column":9}},"5":{"start":{"line":58,"column":2},"end":{"line":91,"column":4}},"6":{"start":{"line":71,"column":23},"end":{"line":71,"column":37}},"7":{"start":{"line":71,"column":38},"end":{"line":71,"column":48}},"8":{"start":{"line":94,"column":15},"end":{"line":105,"column":2}}},"fnMap":{"0":{"name":"Button","decl":{"start":{"line":25,"column":16},"end":{"line":25,"column":22}},"loc":{"start":{"line":33,"column":16},"end":{"line":92,"column":1}},"line":33},"1":{"name":"(anonymous_1)","decl":{"start":{"line":71,"column":15},"end":{"line":71,"column":16}},"loc":{"start":{"line":71,"column":21},"end":{"line":71,"column":50}},"line":71}},"branchMap":{"0":{"loc":{"start":{"line":28,"column":2},"end":{"line":28,"column":21}},"type":"default-arg","locations":[{"start":{"line":28,"column":12},"end":{"line":28,"column":21}}],"line":28},"1":{"loc":{"start":{"line":29,"column":2},"end":{"line":29,"column":13}},"type":"default-arg","locations":[{"start":{"line":29,"column":9},"end":{"line":29,"column":13}}],"line":29},"2":{"loc":{"start":{"line":30,"column":2},"end":{"line":30,"column":17}},"type":"default-arg","locations":[{"start":{"line":30,"column":12},"end":{"line":30,"column":17}}],"line":30},"3":{"loc":{"start":{"line":31,"column":2},"end":{"line":31,"column":18}},"type":"default-arg","locations":[{"start":{"line":31,"column":13},"end":{"line":31,"column":18}}],"line":31},"4":{"loc":{"start":{"line":50,"column":22},"end":{"line":50,"column":75}},"type":"cond-expr","locations":[{"start":{"line":50,"column":46},"end":{"line":50,"column":59}},{"start":{"line":50,"column":62},"end":{"line":50,"column":75}}],"line":50},"5":{"loc":{"start":{"line":66,"column":23},"end":{"line":66,"column":54}},"type":"cond-expr","locations":[{"start":{"line":66,"column":47},"end":{"line":66,"column":50}},{"start":{"line":66,"column":53},"end":{"line":66,"column":54}}],"line":66},"6":{"loc":{"start":{"line":67,"column":19},"end":{"line":67,"column":37}},"type":"cond-expr","locations":[{"start":{"line":67,"column":30},"end":{"line":67,"column":33}},{"start":{"line":67,"column":36},"end":{"line":67,"column":37}}],"line":67},"7":{"loc":{"start":{"line":72,"column":16},"end":{"line":72,"column":35}},"type":"binary-expr","locations":[{"start":{"line":72,"column":16},"end":{"line":72,"column":24}},{"start":{"line":72,"column":28},"end":{"line":72,"column":35}}],"line":72},"8":{"loc":{"start":{"line":75,"column":7},"end":{"line":89,"column":7}},"type":"cond-expr","locations":[{"start":{"line":76,"column":8},"end":{"line":76,"column":47}},{"start":{"line":78,"column":8},"end":{"line":88,"column":15}}],"line":75},"9":{"loc":{"start":{"line":83,"column":24},"end":{"line":83,"column":47}},"type":"cond-expr","locations":[{"start":{"line":83,"column":40},"end":{"line":83,"column":42}},{"start":{"line":83,"column":45},"end":{"line":83,"column":47}}],"line":83}},"s":{"0":22,"1":22,"2":22,"3":22,"4":22,"5":22,"6":6,"7":6,"8":3},"f":{"0":22,"1":6},"b":{"0":[22],"1":[20],"2":[4],"3":[22],"4":[0,22],"5":[0,22],"6":[0,22],"7":[22,22],"8":[2,20],"9":[2,18]},"_coverageSchema":"1a1c01bbd47fc00a2c39e90264f33305004495a9","hash":"d06e9d881ea67f2be36b416ac48d7b0fd4981a29"}
,"C:\\TechControl\\src\\components\\Card.tsx": {"path":"C:\\TechControl\\src\\components\\Card.tsx","statementMap":{"0":{"start":{"line":15,"column":21},"end":{"line":15,"column":31}},"1":{"start":{"line":16,"column":20},"end":{"line":16,"column":53}},"2":{"start":{"line":18,"column":2},"end":{"line":26,"column":4}},"3":{"start":{"line":37,"column":21},"end":{"line":37,"column":31}},"4":{"start":{"line":38,"column":2},"end":{"line":49,"column":4}},"5":{"start":{"line":52,"column":25},"end":{"line":57,"column":2}}},"fnMap":{"0":{"name":"Card","decl":{"start":{"line":14,"column":16},"end":{"line":14,"column":20}},"loc":{"start":{"line":14,"column":78},"end":{"line":27,"column":1}},"line":14},"1":{"name":"CardHeader","decl":{"start":{"line":36,"column":16},"end":{"line":36,"column":26}},"loc":{"start":{"line":36,"column":79},"end":{"line":50,"column":1}},"line":36}},"branchMap":{"0":{"loc":{"start":{"line":14,"column":49},"end":{"line":14,"column":63}},"type":"default-arg","locations":[{"start":{"line":14,"column":59},"end":{"line":14,"column":63}}],"line":14},"1":{"loc":{"start":{"line":16,"column":20},"end":{"line":16,"column":53}},"type":"cond-expr","locations":[{"start":{"line":16,"column":30},"end":{"line":16,"column":46}},{"start":{"line":16,"column":49},"end":{"line":16,"column":53}}],"line":16},"2":{"loc":{"start":{"line":41,"column":9},"end":{"line":41,"column":109}},"type":"binary-expr","locations":[{"start":{"line":41,"column":9},"end":{"line":41,"column":13}},{"start":{"line":41,"column":17},"end":{"line":41,"column":109}}],"line":41},"3":{"loc":{"start":{"line":44,"column":11},"end":{"line":44,"column":115}},"type":"binary-expr","locations":[{"start":{"line":44,"column":11},"end":{"line":44,"column":19}},{"start":{"line":44,"column":23},"end":{"line":44,"column":115}}],"line":44}},"s":{"0":3,"1":3,"2":3,"3":2,"4":2,"5":2},"f":{"0":3,"1":2},"b":{"0":[2],"1":[1,2],"2":[2,0],"3":[2,1]},"_coverageSchema":"1a1c01bbd47fc00a2c39e90264f33305004495a9","hash":"fe5e2ca252a2a81d0be49b145e942d95e628bd7f"}
,"C:\\TechControl\\src\\components\\EmptyState.tsx": {"path":"C:\\TechControl\\src\\components\\EmptyState.tsx","statementMap":{"0":{"start":{"line":17,"column":21},"end":{"line":17,"column":31}},"1":{"start":{"line":19,"column":2},"end":{"line":30,"column":4}},"2":{"start":{"line":33,"column":15},"end":{"line":38,"column":2}}},"fnMap":{"0":{"name":"EmptyState","decl":{"start":{"line":16,"column":16},"end":{"line":16,"column":26}},"loc":{"start":{"line":16,"column":110},"end":{"line":31,"column":1}},"line":16}},"branchMap":{"0":{"loc":{"start":{"line":16,"column":29},"end":{"line":16,"column":50}},"type":"default-arg","locations":[{"start":{"line":16,"column":36},"end":{"line":16,"column":50}}],"line":16},"1":{"loc":{"start":{"line":25,"column":7},"end":{"line":25,"column":97}},"type":"binary-expr","locations":[{"start":{"line":25,"column":7},"end":{"line":25,"column":14}},{"start":{"line":25,"column":18},"end":{"line":25,"column":97}}],"line":25},"2":{"loc":{"start":{"line":26,"column":7},"end":{"line":28,"column":7}},"type":"binary-expr","locations":[{"start":{"line":26,"column":7},"end":{"line":26,"column":18}},{"start":{"line":26,"column":22},"end":{"line":26,"column":30}},{"start":{"line":27,"column":8},"end":{"line":27,"column":101}}],"line":26}},"s":{"0":5,"1":5,"2":2},"f":{"0":5},"b":{"0":[5],"1":[5,1],"2":[5,2,2]},"_coverageSchema":"1a1c01bbd47fc00a2c39e90264f33305004495a9","hash":"d91260f9eb4341eb3bc92230f1c0b9fabb686a57"}
,"C:\\TechControl\\src\\components\\FloatingActionButton.tsx": {"path":"C:\\TechControl\\src\\components\\FloatingActionButton.tsx","statementMap":{"0":{"start":{"line":13,"column":21},"end":{"line":13,"column":31}},"1":{"start":{"line":14,"column":16},"end":{"line":14,"column":53}},"2":{"start":{"line":16,"column":2},"end":{"line":18,"column":9}},"3":{"start":{"line":17,"column":4},"end":{"line":17,"column":100}},"4":{"start":{"line":20,"column":2},"end":{"line":30,"column":4}},"5":{"start":{"line":33,"column":15},"end":{"line":47,"column":2}}},"fnMap":{"0":{"name":"FloatingActionButton","decl":{"start":{"line":12,"column":16},"end":{"line":12,"column":36}},"loc":{"start":{"line":12,"column":81},"end":{"line":31,"column":1}},"line":12},"1":{"name":"(anonymous_1)","decl":{"start":{"line":16,"column":18},"end":{"line":16,"column":19}},"loc":{"start":{"line":16,"column":24},"end":{"line":18,"column":3}},"line":16}},"branchMap":{"0":{"loc":{"start":{"line":12,"column":39},"end":{"line":12,"column":51}},"type":"default-arg","locations":[{"start":{"line":12,"column":46},"end":{"line":12,"column":51}}],"line":12},"1":{"loc":{"start":{"line":23,"column":50},"end":{"line":23,"column":72}},"type":"binary-expr","locations":[{"start":{"line":23,"column":50},"end":{"line":23,"column":55}},{"start":{"line":23,"column":59},"end":{"line":23,"column":72}}],"line":23}},"s":{"0":2,"1":2,"2":2,"3":2,"4":2,"5":2},"f":{"0":2,"1":2},"b":{"0":[2],"1":[2,1]},"_coverageSchema":"1a1c01bbd47fc00a2c39e90264f33305004495a9","hash":"c90b2c97f247cb3585a94db9137d09dd2c1dd4f5"}
,"C:\\TechControl\\src\\components\\Input.tsx": {"path":"C:\\TechControl\\src\\components\\Input.tsx","statementMap":{"0":{"start":{"line":20,"column":21},"end":{"line":20,"column":31}},"1":{"start":{"line":21,"column":2},"end":{"line":35,"column":4}},"2":{"start":{"line":38,"column":15},"end":{"line":64,"column":2}}},"fnMap":{"0":{"name":"Input","decl":{"start":{"line":19,"column":16},"end":{"line":19,"column":21}},"loc":{"start":{"line":19,"column":78},"end":{"line":36,"column":1}},"line":19}},"branchMap":{"0":{"loc":{"start":{"line":23,"column":7},"end":{"line":23,"column":83}},"type":"binary-expr","locations":[{"start":{"line":23,"column":7},"end":{"line":23,"column":12}},{"start":{"line":23,"column":16},"end":{"line":23,"column":83}}],"line":23},"1":{"loc":{"start":{"line":27,"column":86},"end":{"line":27,"column":122}},"type":"cond-expr","locations":[{"start":{"line":27,"column":94},"end":{"line":27,"column":106}},{"start":{"line":27,"column":109},"end":{"line":27,"column":122}}],"line":27},"2":{"loc":{"start":{"line":28,"column":10},"end":{"line":28,"column":45}},"type":"binary-expr","locations":[{"start":{"line":28,"column":10},"end":{"line":28,"column":25}},{"start":{"line":28,"column":29},"end":{"line":28,"column":45}}],"line":28},"3":{"loc":{"start":{"line":33,"column":7},"end":{"line":33,"column":84}},"type":"binary-expr","locations":[{"start":{"line":33,"column":7},"end":{"line":33,"column":12}},{"start":{"line":33,"column":16},"end":{"line":33,"column":84}}],"line":33}},"s":{"0":35,"1":35,"2":2},"f":{"0":35},"b":{"0":[35,33],"1":[0,35],"2":[35,0],"3":[35,0]},"_coverageSchema":"1a1c01bbd47fc00a2c39e90264f33305004495a9","hash":"217cbb320ce3cc86ad9ed84f6d69310d7f8867ae"}
,"C:\\TechControl\\src\\components\\Loading.tsx": {"path":"C:\\TechControl\\src\\components\\Loading.tsx","statementMap":{"0":{"start":{"line":12,"column":21},"end":{"line":12,"column":31}},"1":{"start":{"line":15,"column":4},"end":{"line":18,"column":11}},"2":{"start":{"line":21,"column":2},"end":{"line":23,"column":3}},"3":{"start":{"line":22,"column":4},"end":{"line":22,"column":102}},"4":{"start":{"line":25,"column":2},"end":{"line":25,"column":17}},"5":{"start":{"line":28,"column":15},"end":{"line":32,"column":2}}},"fnMap":{"0":{"name":"Loading","decl":{"start":{"line":11,"column":16},"end":{"line":11,"column":23}},"loc":{"start":{"line":11,"column":63},"end":{"line":26,"column":1}},"line":11}},"branchMap":{"0":{"loc":{"start":{"line":15,"column":34},"end":{"line":15,"column":65}},"type":"binary-expr","locations":[{"start":{"line":15,"column":34},"end":{"line":15,"column":44}},{"start":{"line":15,"column":48},"end":{"line":15,"column":65}}],"line":15},"1":{"loc":{"start":{"line":17,"column":7},"end":{"line":17,"column":98}},"type":"binary-expr","locations":[{"start":{"line":17,"column":7},"end":{"line":17,"column":14}},{"start":{"line":17,"column":18},"end":{"line":17,"column":98}}],"line":17},"2":{"loc":{"start":{"line":21,"column":2},"end":{"line":23,"column":3}},"type":"if","locations":[{"start":{"line":21,"column":2},"end":{"line":23,"column":3}},{"start":{},"end":{}}],"line":21}},"s":{"0":4,"1":4,"2":4,"3":1,"4":3,"5":2},"f":{"0":4},"b":{"0":[4,1],"1":[4,2],"2":[1,3]},"_coverageSchema":"1a1c01bbd47fc00a2c39e90264f33305004495a9","hash":"e6a2ee5eabb3fcd79f0090e20c3f838b0dd14f61"}
,"C:\\TechControl\\src\\components\\SearchBar.tsx": {"path":"C:\\TechControl\\src\\components\\SearchBar.tsx","statementMap":{"0":{"start":{"line":15,"column":21},"end":{"line":15,"column":31}},"1":{"start":{"line":17,"column":2},"end":{"line":33,"column":4}},"2":{"start":{"line":28,"column":43},"end":{"line":28,"column":60}},"3":{"start":{"line":28,"column":61},"end":{"line":28,"column":73}},"4":{"start":{"line":36,"column":15},"end":{"line":47,"column":2}}},"fnMap":{"0":{"name":"SearchBar","decl":{"start":{"line":14,"column":16},"end":{"line":14,"column":25}},"loc":{"start":{"line":14,"column":103},"end":{"line":34,"column":1}},"line":14},"1":{"name":"(anonymous_1)","decl":{"start":{"line":28,"column":35},"end":{"line":28,"column":36}},"loc":{"start":{"line":28,"column":41},"end":{"line":28,"column":75}},"line":28}},"branchMap":{"0":{"loc":{"start":{"line":14,"column":49},"end":{"line":14,"column":74}},"type":"default-arg","locations":[{"start":{"line":14,"column":63},"end":{"line":14,"column":74}}],"line":14},"1":{"loc":{"start":{"line":27,"column":7},"end":{"line":31,"column":7}},"type":"binary-expr","locations":[{"start":{"line":27,"column":7},"end":{"line":27,"column":23}},{"start":{"line":28,"column":8},"end":{"line":30,"column":27}}],"line":27}},"s":{"0":3,"1":3,"2":0,"3":0,"4":2},"f":{"0":3,"1":0},"b":{"0":[1],"1":[3,1]},"_coverageSchema":"1a1c01bbd47fc00a2c39e90264f33305004495a9","hash":"741c8b366f4a22bc79dcc69ab16a9e5d44077d97"}
,"C:\\TechControl\\src\\components\\StatCard.tsx": {"path":"C:\\TechControl\\src\\components\\StatCard.tsx","statementMap":{"0":{"start":{"line":23,"column":21},"end":{"line":23,"column":31}},"1":{"start":{"line":24,"column":2},"end":{"line":47,"column":4}},"2":{"start":{"line":50,"column":15},"end":{"line":79,"column":2}}},"fnMap":{"0":{"name":"StatCard","decl":{"start":{"line":22,"column":16},"end":{"line":22,"column":24}},"loc":{"start":{"line":22,"column":87},"end":{"line":48,"column":1}},"line":22}},"branchMap":{"0":{"loc":{"start":{"line":29,"column":29},"end":{"line":29,"column":72}},"type":"cond-expr","locations":[{"start":{"line":29,"column":37},"end":{"line":29,"column":49}},{"start":{"line":29,"column":52},"end":{"line":29,"column":72}}],"line":29},"1":{"loc":{"start":{"line":35,"column":17},"end":{"line":35,"column":39}},"type":"binary-expr","locations":[{"start":{"line":35,"column":17},"end":{"line":35,"column":22}},{"start":{"line":35,"column":26},"end":{"line":35,"column":39}}],"line":35},"2":{"loc":{"start":{"line":38,"column":7},"end":{"line":44,"column":7}},"type":"cond-expr","locations":[{"start":{"line":39,"column":8},"end":{"line":39,"column":64}},{"start":{"line":41,"column":8},"end":{"line":43,"column":15}}],"line":38},"3":{"loc":{"start":{"line":41,"column":45},"end":{"line":41,"column":65}},"type":"binary-expr","locations":[{"start":{"line":41,"column":45},"end":{"line":41,"column":50}},{"start":{"line":41,"column":54},"end":{"line":41,"column":65}}],"line":41}},"s":{"0":4,"1":4,"2":2},"f":{"0":4},"b":{"0":[1,3],"1":[4,3],"2":[1,3],"3":[3,2]},"_coverageSchema":"1a1c01bbd47fc00a2c39e90264f33305004495a9","hash":"f1f15645617ebdc5ec598b7dbbe1239d0a7f900d"}
,"C:\\TechControl\\src\\components\\Toast.tsx": {"path":"C:\\TechControl\\src\\components\\Toast.tsx","statementMap":{"0":{"start":{"line":17,"column":65},"end":{"line":22,"column":1}},"1":{"start":{"line":25,"column":21},"end":{"line":25,"column":31}},"2":{"start":{"line":26,"column":18},"end":{"line":26,"column":55}},"3":{"start":{"line":27,"column":21},"end":{"line":27,"column":60}},"4":{"start":{"line":29,"column":46},"end":{"line":34,"column":3}},"5":{"start":{"line":36,"column":2},"end":{"line":53,"column":16}},"6":{"start":{"line":37,"column":4},"end":{"line":52,"column":5}},"7":{"start":{"line":38,"column":6},"end":{"line":41,"column":17}},"8":{"start":{"line":43,"column":6},"end":{"line":51,"column":7}},"9":{"start":{"line":44,"column":22},"end":{"line":49,"column":20}},"10":{"start":{"line":45,"column":10},"end":{"line":48,"column":40}},"11":{"start":{"line":48,"column":25},"end":{"line":48,"column":38}},"12":{"start":{"line":50,"column":8},"end":{"line":50,"column":41}},"13":{"start":{"line":50,"column":21},"end":{"line":50,"column":40}},"14":{"start":{"line":55,"column":2},"end":{"line":55,"column":28}},"15":{"start":{"line":55,"column":16},"end":{"line":55,"column":28}},"16":{"start":{"line":57,"column":2},"end":{"line":69,"column":4}},"17":{"start":{"line":72,"column":15},"end":{"line":92,"column":2}}},"fnMap":{"0":{"name":"Toast","decl":{"start":{"line":24,"column":16},"end":{"line":24,"column":21}},"loc":{"start":{"line":24,"column":99},"end":{"line":70,"column":1}},"line":24},"1":{"name":"(anonymous_1)","decl":{"start":{"line":36,"column":12},"end":{"line":36,"column":13}},"loc":{"start":{"line":36,"column":18},"end":{"line":53,"column":3}},"line":36},"2":{"name":"(anonymous_2)","decl":{"start":{"line":44,"column":33},"end":{"line":44,"column":34}},"loc":{"start":{"line":44,"column":39},"end":{"line":49,"column":9}},"line":44},"3":{"name":"(anonymous_3)","decl":{"start":{"line":48,"column":19},"end":{"line":48,"column":20}},"loc":{"start":{"line":48,"column":25},"end":{"line":48,"column":38}},"line":48},"4":{"name":"(anonymous_4)","decl":{"start":{"line":50,"column":15},"end":{"line":50,"column":16}},"loc":{"start":{"line":50,"column":21},"end":{"line":50,"column":40}},"line":50}},"branchMap":{"0":{"loc":{"start":{"line":24,"column":42},"end":{"line":24,"column":55}},"type":"default-arg","locations":[{"start":{"line":24,"column":49},"end":{"line":24,"column":55}}],"line":24},"1":{"loc":{"start":{"line":24,"column":68},"end":{"line":24,"column":83}},"type":"default-arg","locations":[{"start":{"line":24,"column":79},"end":{"line":24,"column":83}}],"line":24},"2":{"loc":{"start":{"line":37,"column":4},"end":{"line":52,"column":5}},"type":"if","locations":[{"start":{"line":37,"column":4},"end":{"line":52,"column":5}},{"start":{},"end":{}}],"line":37},"3":{"loc":{"start":{"line":43,"column":6},"end":{"line":51,"column":7}},"type":"if","locations":[{"start":{"line":43,"column":6},"end":{"line":51,"column":7}},{"start":{},"end":{}}],"line":43},"4":{"loc":{"start":{"line":55,"column":2},"end":{"line":55,"column":28}},"type":"if","locations":[{"start":{"line":55,"column":2},"end":{"line":55,"column":28}},{"start":{},"end":{}}],"line":55},"5":{"loc":{"start":{"line":63,"column":7},"end":{"line":67,"column":7}},"type":"binary-expr","locations":[{"start":{"line":63,"column":7},"end":{"line":63,"column":16}},{"start":{"line":64,"column":8},"end":{"line":66,"column":27}}],"line":63}},"s":{"0":2,"1":5,"2":5,"3":5,"4":5,"5":5,"6":5,"7":4,"8":4,"9":4,"10":0,"11":0,"12":4,"13":4,"14":5,"15":1,"16":4,"17":2},"f":{"0":5,"1":5,"2":0,"3":0,"4":4},"b":{"0":[2],"1":[5],"2":[4,1],"3":[4,0],"4":[1,4],"5":[4,0]},"_coverageSchema":"1a1c01bbd47fc00a2c39e90264f33305004495a9","hash":"62598e67b77d6397fc085c7b9fbb6c98f8b110f3"}
,"C:\\TechControl\\src\\components\\index.ts": {"path":"C:\\TechControl\\src\\components\\index.ts","statementMap":{},"fnMap":{},"branchMap":{},"s":{},"f":{},"b":{},"_coverageSchema":"1a1c01bbd47fc00a2c39e90264f33305004495a9","hash":"152c3419532028057923a44fd092bcdd05940d25"}
,"C:\\TechControl\\src\\hooks\\useTheme.ts": {"path":"C:\\TechControl\\src\\hooks\\useTheme.ts","statementMap":{"0":{"start":{"line":5,"column":17},"end":{"line":5,"column":49}},"1":{"start":{"line":5,"column":36},"end":{"line":5,"column":48}},"2":{"start":{"line":6,"column":17},"end":{"line":6,"column":52}},"3":{"start":{"line":8,"column":2},"end":{"line":8,"column":28}}},"fnMap":{"0":{"name":"useTheme","decl":{"start":{"line":4,"column":16},"end":{"line":4,"column":24}},"loc":{"start":{"line":4,"column":27},"end":{"line":9,"column":1}},"line":4},"1":{"name":"(anonymous_1)","decl":{"start":{"line":5,"column":29},"end":{"line":5,"column":30}},"loc":{"start":{"line":5,"column":36},"end":{"line":5,"column":48}},"line":5}},"branchMap":{"0":{"loc":{"start":{"line":6,"column":17},"end":{"line":6,"column":52}},"type":"cond-expr","locations":[{"start":{"line":6,"column":26},"end":{"line":6,"column":37}},{"start":{"line":6,"column":40},"end":{"line":6,"column":52}}],"line":6}},"s":{"0":116,"1":345,"2":116,"3":116},"f":{"0":116,"1":345},"b":{"0":[1,115]},"_coverageSchema":"1a1c01bbd47fc00a2c39e90264f33305004495a9","hash":"2a0d28a3eb9a36159c362464a4d59eb34495fdcd"}
,"C:\\TechControl\\src\\screens\\LoginScreen.tsx": {"path":"C:\\TechControl\\src\\screens\\LoginScreen.tsx","statementMap":{"0":{"start":{"line":19,"column":29},"end":{"line":19,"column":39}},"1":{"start":{"line":20,"column":28},"end":{"line":20,"column":40}},"2":{"start":{"line":21,"column":34},"end":{"line":21,"column":46}},"3":{"start":{"line":22,"column":32},"end":{"line":22,"column":47}},"4":{"start":{"line":23,"column":42},"end":{"line":23,"column":57}},"5":{"start":{"line":25,"column":22},"end":{"line":39,"column":3}},"6":{"start":{"line":26,"column":4},"end":{"line":29,"column":5}},"7":{"start":{"line":27,"column":6},"end":{"line":27,"column":56}},"8":{"start":{"line":28,"column":6},"end":{"line":28,"column":13}},"9":{"start":{"line":30,"column":4},"end":{"line":30,"column":21}},"10":{"start":{"line":31,"column":4},"end":{"line":38,"column":5}},"11":{"start":{"line":32,"column":6},"end":{"line":32,"column":48}},"12":{"start":{"line":33,"column":6},"end":{"line":33,"column":33}},"13":{"start":{"line":35,"column":6},"end":{"line":35,"column":71}},"14":{"start":{"line":37,"column":6},"end":{"line":37,"column":24}},"15":{"start":{"line":41,"column":28},"end":{"line":48,"column":3}},"16":{"start":{"line":42,"column":4},"end":{"line":47,"column":5}},"17":{"start":{"line":43,"column":6},"end":{"line":43,"column":43}},"18":{"start":{"line":44,"column":6},"end":{"line":44,"column":33}},"19":{"start":{"line":46,"column":6},"end":{"line":46,"column":42}},"20":{"start":{"line":50,"column":2},"end":{"line":147,"column":4}},"21":{"start":{"line":93,"column":29},"end":{"line":93,"column":59}},"22":{"start":{"line":105,"column":27},"end":{"line":105,"column":63}},"23":{"start":{"line":132,"column":29},"end":{"line":132,"column":65}},"24":{"start":{"line":141,"column":43},"end":{"line":141,"column":74}},"25":{"start":{"line":150,"column":15},"end":{"line":172,"column":2}}},"fnMap":{"0":{"name":"LoginScreen","decl":{"start":{"line":18,"column":24},"end":{"line":18,"column":35}},"loc":{"start":{"line":18,"column":57},"end":{"line":148,"column":1}},"line":18},"1":{"name":"(anonymous_1)","decl":{"start":{"line":25,"column":22},"end":{"line":25,"column":23}},"loc":{"start":{"line":25,"column":34},"end":{"line":39,"column":3}},"line":25},"2":{"name":"(anonymous_2)","decl":{"start":{"line":41,"column":28},"end":{"line":41,"column":29}},"loc":{"start":{"line":41,"column":40},"end":{"line":48,"column":3}},"line":41},"3":{"name":"(anonymous_3)","decl":{"start":{"line":93,"column":23},"end":{"line":93,"column":24}},"loc":{"start":{"line":93,"column":29},"end":{"line":93,"column":59}},"line":93},"4":{"name":"(anonymous_4)","decl":{"start":{"line":105,"column":21},"end":{"line":105,"column":22}},"loc":{"start":{"line":105,"column":27},"end":{"line":105,"column":63}},"line":105},"5":{"name":"(anonymous_5)","decl":{"start":{"line":132,"column":23},"end":{"line":132,"column":24}},"loc":{"start":{"line":132,"column":29},"end":{"line":132,"column":65}},"line":132},"6":{"name":"(anonymous_6)","decl":{"start":{"line":141,"column":37},"end":{"line":141,"column":38}},"loc":{"start":{"line":141,"column":43},"end":{"line":141,"column":74}},"line":141}},"branchMap":{"0":{"loc":{"start":{"line":26,"column":4},"end":{"line":29,"column":5}},"type":"if","locations":[{"start":{"line":26,"column":4},"end":{"line":29,"column":5}},{"start":{},"end":{}}],"line":26},"1":{"loc":{"start":{"line":26,"column":8},"end":{"line":26,"column":27}},"type":"binary-expr","locations":[{"start":{"line":26,"column":8},"end":{"line":26,"column":14}},{"start":{"line":26,"column":18},"end":{"line":26,"column":27}}],"line":26},"2":{"loc":{"start":{"line":35,"column":27},"end":{"line":35,"column":69}},"type":"binary-expr","locations":[{"start":{"line":35,"column":27},"end":{"line":35,"column":40}},{"start":{"line":35,"column":44},"end":{"line":35,"column":69}}],"line":35},"3":{"loc":{"start":{"line":53,"column":16},"end":{"line":53,"column":60}},"type":"cond-expr","locations":[{"start":{"line":53,"column":40},"end":{"line":53,"column":49}},{"start":{"line":53,"column":52},"end":{"line":53,"column":60}}],"line":53},"4":{"loc":{"start":{"line":96,"column":22},"end":{"line":96,"column":70}},"type":"cond-expr","locations":[{"start":{"line":96,"column":37},"end":{"line":96,"column":50}},{"start":{"line":96,"column":53},"end":{"line":96,"column":70}}],"line":96}},"s":{"0":19,"1":19,"2":19,"3":19,"4":19,"5":19,"6":4,"7":1,"8":1,"9":3,"10":3,"11":3,"12":2,"13":1,"14":3,"15":19,"16":0,"17":0,"18":0,"19":0,"20":19,"21":0,"22":1,"23":0,"24":1,"25":1},"f":{"0":19,"1":4,"2":0,"3":0,"4":1,"5":0,"6":1},"b":{"0":[1,3],"1":[4,3],"2":[1,0],"3":[19,0],"4":[0,19]},"_coverageSchema":"1a1c01bbd47fc00a2c39e90264f33305004495a9","hash":"3a1059b8f0b41b503097e996586a13e833796141"}
,"C:\\TechControl\\src\\services\\api.ts": {"path":"C:\\TechControl\\src\\services\\api.ts","statementMap":{"0":{"start":{"line":14,"column":18},"end":{"line":32,"column":1}},"1":{"start":{"line":35,"column":2},"end":{"line":35,"column":61}},"2":{"start":{"line":39,"column":2},"end":{"line":42,"column":3}},"3":{"start":{"line":40,"column":4},"end":{"line":40,"column":54}},"4":{"start":{"line":40,"column":18},"end":{"line":40,"column":54}},"5":{"start":{"line":41,"column":4},"end":{"line":41,"column":20}},"6":{"start":{"line":43,"column":2},"end":{"line":53,"column":3}},"7":{"start":{"line":44,"column":19},"end":{"line":44,"column":39}},"8":{"start":{"line":45,"column":4},"end":{"line":45,"column":52}},"9":{"start":{"line":45,"column":18},"end":{"line":45,"column":52}},"10":{"start":{"line":46,"column":4},"end":{"line":46,"column":18}},"11":{"start":{"line":48,"column":4},"end":{"line":51,"column":5}},"12":{"start":{"line":49,"column":21},"end":{"line":49,"column":49}},"13":{"start":{"line":50,"column":6},"end":{"line":50,"column":32}},"14":{"start":{"line":50,"column":18},"end":{"line":50,"column":32}},"15":{"start":{"line":52,"column":4},"end":{"line":52,"column":20}},"16":{"start":{"line":56,"column":19},"end":{"line":289,"column":1}},"17":{"start":{"line":58,"column":4},"end":{"line":66,"column":6}},"18":{"start":{"line":60,"column":32},"end":{"line":60,"column":116}},"19":{"start":{"line":61,"column":8},"end":{"line":61,"column":31}},"20":{"start":{"line":61,"column":19},"end":{"line":61,"column":31}},"21":{"start":{"line":62,"column":8},"end":{"line":62,"column":26}},"22":{"start":{"line":70,"column":4},"end":{"line":70,"column":202}},"23":{"start":{"line":70,"column":35},"end":{"line":70,"column":65}},"24":{"start":{"line":70,"column":66},"end":{"line":70,"column":200}},"25":{"start":{"line":71,"column":28},"end":{"line":71,"column":91}},"26":{"start":{"line":72,"column":4},"end":{"line":72,"column":27}},"27":{"start":{"line":72,"column":15},"end":{"line":72,"column":27}},"28":{"start":{"line":73,"column":4},"end":{"line":73,"column":34}},"29":{"start":{"line":74,"column":4},"end":{"line":74,"column":16}},"30":{"start":{"line":78,"column":4},"end":{"line":78,"column":75}},"31":{"start":{"line":78,"column":35},"end":{"line":78,"column":65}},"32":{"start":{"line":78,"column":66},"end":{"line":78,"column":73}},"33":{"start":{"line":79,"column":22},"end":{"line":79,"column":81}},"34":{"start":{"line":80,"column":4},"end":{"line":80,"column":27}},"35":{"start":{"line":80,"column":15},"end":{"line":80,"column":27}},"36":{"start":{"line":81,"column":4},"end":{"line":81,"column":34}},"37":{"start":{"line":85,"column":4},"end":{"line":85,"column":75}},"38":{"start":{"line":85,"column":35},"end":{"line":85,"column":65}},"39":{"start":{"line":85,"column":66},"end":{"line":85,"column":73}},"40":{"start":{"line":86,"column":22},"end":{"line":86,"column":74}},"41":{"start":{"line":87,"column":4},"end":{"line":87,"column":27}},"42":{"start":{"line":87,"column":15},"end":{"line":87,"column":27}},"43":{"start":{"line":88,"column":4},"end":{"line":88,"column":34}},"44":{"start":{"line":92,"column":4},"end":{"line":100,"column":6}},"45":{"start":{"line":94,"column":32},"end":{"line":94,"column":131}},"46":{"start":{"line":95,"column":8},"end":{"line":95,"column":31}},"47":{"start":{"line":95,"column":19},"end":{"line":95,"column":31}},"48":{"start":{"line":96,"column":8},"end":{"line":96,"column":86}},"49":{"start":{"line":96,"column":45},"end":{"line":96,"column":83}},"50":{"start":{"line":104,"column":4},"end":{"line":104,"column":202}},"51":{"start":{"line":104,"column":35},"end":{"line":104,"column":65}},"52":{"start":{"line":104,"column":66},"end":{"line":104,"column":200}},"53":{"start":{"line":105,"column":28},"end":{"line":105,"column":91}},"54":{"start":{"line":106,"column":4},"end":{"line":106,"column":27}},"55":{"start":{"line":106,"column":15},"end":{"line":106,"column":27}},"56":{"start":{"line":107,"column":4},"end":{"line":107,"column":34}},"57":{"start":{"line":108,"column":4},"end":{"line":108,"column":16}},"58":{"start":{"line":112,"column":4},"end":{"line":112,"column":75}},"59":{"start":{"line":112,"column":35},"end":{"line":112,"column":65}},"60":{"start":{"line":112,"column":66},"end":{"line":112,"column":73}},"61":{"start":{"line":113,"column":22},"end":{"line":113,"column":81}},"62":{"start":{"line":114,"column":4},"end":{"line":114,"column":27}},"63":{"start":{"line":114,"column":15},"end":{"line":114,"column":27}},"64":{"start":{"line":115,"column":4},"end":{"line":115,"column":34}},"65":{"start":{"line":119,"column":4},"end":{"line":119,"column":75}},"66":{"start":{"line":119,"column":35},"end":{"line":119,"column":65}},"67":{"start":{"line":119,"column":66},"end":{"line":119,"column":73}},"68":{"start":{"line":120,"column":22},"end":{"line":120,"column":74}},"69":{"start":{"line":121,"column":4},"end":{"line":121,"column":27}},"70":{"start":{"line":121,"column":15},"end":{"line":121,"column":27}},"71":{"start":{"line":122,"column":4},"end":{"line":122,"column":34}},"72":{"start":{"line":126,"column":4},"end":{"line":134,"column":6}},"73":{"start":{"line":128,"column":32},"end":{"line":128,"column":90}},"74":{"start":{"line":129,"column":8},"end":{"line":129,"column":31}},"75":{"start":{"line":129,"column":19},"end":{"line":129,"column":31}},"76":{"start":{"line":130,"column":8},"end":{"line":130,"column":26}},"77":{"start":{"line":138,"column":4},"end":{"line":138,"column":171}},"78":{"start":{"line":138,"column":35},"end":{"line":138,"column":67}},"79":{"start":{"line":138,"column":68},"end":{"line":138,"column":169}},"80":{"start":{"line":139,"column":28},"end":{"line":139,"column":91}},"81":{"start":{"line":140,"column":4},"end":{"line":140,"column":27}},"82":{"start":{"line":140,"column":15},"end":{"line":140,"column":27}},"83":{"start":{"line":141,"column":4},"end":{"line":141,"column":36}},"84":{"start":{"line":142,"column":4},"end":{"line":142,"column":16}},"85":{"start":{"line":146,"column":4},"end":{"line":146,"column":77}},"86":{"start":{"line":146,"column":35},"end":{"line":146,"column":67}},"87":{"start":{"line":146,"column":68},"end":{"line":146,"column":75}},"88":{"start":{"line":147,"column":22},"end":{"line":147,"column":83}},"89":{"start":{"line":148,"column":4},"end":{"line":148,"column":27}},"90":{"start":{"line":148,"column":15},"end":{"line":148,"column":27}},"91":{"start":{"line":149,"column":4},"end":{"line":149,"column":36}},"92":{"start":{"line":153,"column":4},"end":{"line":153,"column":77}},"93":{"start":{"line":153,"column":35},"end":{"line":153,"column":67}},"94":{"start":{"line":153,"column":68},"end":{"line":153,"column":75}},"95":{"start":{"line":154,"column":22},"end":{"line":154,"column":76}},"96":{"start":{"line":155,"column":4},"end":{"line":155,"column":27}},"97":{"start":{"line":155,"column":15},"end":{"line":155,"column":27}},"98":{"start":{"line":156,"column":4},"end":{"line":156,"column":36}},"99":{"start":{"line":160,"column":4},"end":{"line":168,"column":6}},"100":{"start":{"line":162,"column":32},"end":{"line":162,"column":115}},"101":{"start":{"line":163,"column":8},"end":{"line":163,"column":31}},"102":{"start":{"line":163,"column":19},"end":{"line":163,"column":31}},"103":{"start":{"line":164,"column":8},"end":{"line":164,"column":26}},"104":{"start":{"line":172,"column":4},"end":{"line":172,"column":161}},"105":{"start":{"line":172,"column":35},"end":{"line":172,"column":64}},"106":{"start":{"line":172,"column":65},"end":{"line":172,"column":159}},"107":{"start":{"line":173,"column":28},"end":{"line":173,"column":89}},"108":{"start":{"line":174,"column":4},"end":{"line":174,"column":27}},"109":{"start":{"line":174,"column":15},"end":{"line":174,"column":27}},"110":{"start":{"line":175,"column":4},"end":{"line":175,"column":33}},"111":{"start":{"line":176,"column":4},"end":{"line":176,"column":16}},"112":{"start":{"line":180,"column":4},"end":{"line":180,"column":74}},"113":{"start":{"line":180,"column":35},"end":{"line":180,"column":64}},"114":{"start":{"line":180,"column":65},"end":{"line":180,"column":72}},"115":{"start":{"line":181,"column":22},"end":{"line":181,"column":80}},"116":{"start":{"line":182,"column":4},"end":{"line":182,"column":27}},"117":{"start":{"line":182,"column":15},"end":{"line":182,"column":27}},"118":{"start":{"line":183,"column":4},"end":{"line":183,"column":33}},"119":{"start":{"line":187,"column":4},"end":{"line":187,"column":74}},"120":{"start":{"line":187,"column":35},"end":{"line":187,"column":64}},"121":{"start":{"line":187,"column":65},"end":{"line":187,"column":72}},"122":{"start":{"line":188,"column":22},"end":{"line":188,"column":73}},"123":{"start":{"line":189,"column":4},"end":{"line":189,"column":27}},"124":{"start":{"line":189,"column":15},"end":{"line":189,"column":27}},"125":{"start":{"line":190,"column":4},"end":{"line":190,"column":33}},"126":{"start":{"line":194,"column":4},"end":{"line":213,"column":6}},"127":{"start":{"line":196,"column":23},"end":{"line":196,"column":68}},"128":{"start":{"line":197,"column":22},"end":{"line":197,"column":60}},"129":{"start":{"line":198,"column":58},"end":{"line":202,"column":10}},"130":{"start":{"line":203,"column":8},"end":{"line":210,"column":10}},"131":{"start":{"line":217,"column":4},"end":{"line":224,"column":6}},"132":{"start":{"line":219,"column":32},"end":{"line":219,"column":84}},"133":{"start":{"line":220,"column":8},"end":{"line":220,"column":31}},"134":{"start":{"line":220,"column":19},"end":{"line":220,"column":31}},"135":{"start":{"line":221,"column":8},"end":{"line":221,"column":20}},"136":{"start":{"line":228,"column":4},"end":{"line":228,"column":40}},"137":{"start":{"line":228,"column":33},"end":{"line":228,"column":40}},"138":{"start":{"line":229,"column":22},"end":{"line":229,"column":69}},"139":{"start":{"line":230,"column":4},"end":{"line":230,"column":27}},"140":{"start":{"line":230,"column":15},"end":{"line":230,"column":27}},"141":{"start":{"line":234,"column":4},"end":{"line":234,"column":125}},"142":{"start":{"line":234,"column":33},"end":{"line":234,"column":125}},"143":{"start":{"line":235,"column":28},"end":{"line":235,"column":89}},"144":{"start":{"line":236,"column":4},"end":{"line":236,"column":27}},"145":{"start":{"line":236,"column":15},"end":{"line":236,"column":27}},"146":{"start":{"line":237,"column":4},"end":{"line":237,"column":16}},"147":{"start":{"line":241,"column":4},"end":{"line":241,"column":40}},"148":{"start":{"line":241,"column":33},"end":{"line":241,"column":40}},"149":{"start":{"line":242,"column":22},"end":{"line":242,"column":119}},"150":{"start":{"line":243,"column":4},"end":{"line":243,"column":27}},"151":{"start":{"line":243,"column":15},"end":{"line":243,"column":27}},"152":{"start":{"line":247,"column":4},"end":{"line":254,"column":6}},"153":{"start":{"line":249,"column":32},"end":{"line":249,"column":113}},"154":{"start":{"line":250,"column":8},"end":{"line":250,"column":31}},"155":{"start":{"line":250,"column":19},"end":{"line":250,"column":31}},"156":{"start":{"line":251,"column":8},"end":{"line":251,"column":26}},"157":{"start":{"line":258,"column":4},"end":{"line":258,"column":43}},"158":{"start":{"line":258,"column":33},"end":{"line":258,"column":43}},"159":{"start":{"line":259,"column":28},"end":{"line":259,"column":98}},"160":{"start":{"line":260,"column":4},"end":{"line":260,"column":27}},"161":{"start":{"line":260,"column":15},"end":{"line":260,"column":27}},"162":{"start":{"line":261,"column":4},"end":{"line":261,"column":22}},"163":{"start":{"line":265,"column":4},"end":{"line":265,"column":97}},"164":{"start":{"line":265,"column":33},"end":{"line":265,"column":97}},"165":{"start":{"line":266,"column":28},"end":{"line":266,"column":96}},"166":{"start":{"line":267,"column":4},"end":{"line":267,"column":27}},"167":{"start":{"line":267,"column":15},"end":{"line":267,"column":27}},"168":{"start":{"line":268,"column":4},"end":{"line":268,"column":16}},"169":{"start":{"line":272,"column":4},"end":{"line":272,"column":40}},"170":{"start":{"line":272,"column":33},"end":{"line":272,"column":40}},"171":{"start":{"line":273,"column":22},"end":{"line":273,"column":76}},"172":{"start":{"line":274,"column":4},"end":{"line":274,"column":27}},"173":{"start":{"line":274,"column":15},"end":{"line":274,"column":27}},"174":{"start":{"line":278,"column":4},"end":{"line":278,"column":45}},"175":{"start":{"line":278,"column":33},"end":{"line":278,"column":45}},"176":{"start":{"line":279,"column":28},"end":{"line":279,"column":82}},"177":{"start":{"line":280,"column":4},"end":{"line":280,"column":27}},"178":{"start":{"line":280,"column":15},"end":{"line":280,"column":27}},"179":{"start":{"line":281,"column":4},"end":{"line":281,"column":16}},"180":{"start":{"line":285,"column":4},"end":{"line":285,"column":45}},"181":{"start":{"line":285,"column":33},"end":{"line":285,"column":45}},"182":{"start":{"line":286,"column":21},"end":{"line":286,"column":69}},"183":{"start":{"line":287,"column":4},"end":{"line":287,"column":27}}},"fnMap":{"0":{"name":"isSupabaseConfigured","decl":{"start":{"line":34,"column":9},"end":{"line":34,"column":29}},"loc":{"start":{"line":34,"column":41},"end":{"line":36,"column":1}},"line":34},"1":{"name":"tryWithSupabase","decl":{"start":{"line":38,"column":15},"end":{"line":38,"column":30}},"loc":{"start":{"line":38,"column":110},"end":{"line":54,"column":1}},"line":38},"2":{"name":"(anonymous_2)","decl":{"start":{"line":57,"column":2},"end":{"line":57,"column":3}},"loc":{"start":{"line":57,"column":40},"end":{"line":67,"column":3}},"line":57},"3":{"name":"(anonymous_3)","decl":{"start":{"line":59,"column":6},"end":{"line":59,"column":7}},"loc":{"start":{"line":59,"column":18},"end":{"line":63,"column":7}},"line":59},"4":{"name":"(anonymous_4)","decl":{"start":{"line":69,"column":2},"end":{"line":69,"column":3}},"loc":{"start":{"line":69,"column":63},"end":{"line":75,"column":3}},"line":69},"5":{"name":"(anonymous_5)","decl":{"start":{"line":77,"column":2},"end":{"line":77,"column":3}},"loc":{"start":{"line":77,"column":59},"end":{"line":82,"column":3}},"line":77},"6":{"name":"(anonymous_6)","decl":{"start":{"line":84,"column":2},"end":{"line":84,"column":3}},"loc":{"start":{"line":84,"column":33},"end":{"line":89,"column":3}},"line":84},"7":{"name":"(anonymous_7)","decl":{"start":{"line":91,"column":2},"end":{"line":91,"column":3}},"loc":{"start":{"line":91,"column":40},"end":{"line":101,"column":3}},"line":91},"8":{"name":"(anonymous_8)","decl":{"start":{"line":93,"column":6},"end":{"line":93,"column":7}},"loc":{"start":{"line":93,"column":18},"end":{"line":97,"column":7}},"line":93},"9":{"name":"(anonymous_9)","decl":{"start":{"line":96,"column":32},"end":{"line":96,"column":33}},"loc":{"start":{"line":96,"column":45},"end":{"line":96,"column":83}},"line":96},"10":{"name":"(anonymous_10)","decl":{"start":{"line":103,"column":2},"end":{"line":103,"column":3}},"loc":{"start":{"line":103,"column":63},"end":{"line":109,"column":3}},"line":103},"11":{"name":"(anonymous_11)","decl":{"start":{"line":111,"column":2},"end":{"line":111,"column":3}},"loc":{"start":{"line":111,"column":59},"end":{"line":116,"column":3}},"line":111},"12":{"name":"(anonymous_12)","decl":{"start":{"line":118,"column":2},"end":{"line":118,"column":3}},"loc":{"start":{"line":118,"column":33},"end":{"line":123,"column":3}},"line":118},"13":{"name":"(anonymous_13)","decl":{"start":{"line":125,"column":2},"end":{"line":125,"column":3}},"loc":{"start":{"line":125,"column":49},"end":{"line":135,"column":3}},"line":125},"14":{"name":"(anonymous_14)","decl":{"start":{"line":127,"column":6},"end":{"line":127,"column":7}},"loc":{"start":{"line":127,"column":18},"end":{"line":131,"column":7}},"line":127},"15":{"name":"(anonymous_15)","decl":{"start":{"line":137,"column":2},"end":{"line":137,"column":3}},"loc":{"start":{"line":137,"column":82},"end":{"line":143,"column":3}},"line":137},"16":{"name":"(anonymous_16)","decl":{"start":{"line":145,"column":2},"end":{"line":145,"column":3}},"loc":{"start":{"line":145,"column":73},"end":{"line":150,"column":3}},"line":145},"17":{"name":"(anonymous_17)","decl":{"start":{"line":152,"column":2},"end":{"line":152,"column":3}},"loc":{"start":{"line":152,"column":40},"end":{"line":157,"column":3}},"line":152},"18":{"name":"(anonymous_18)","decl":{"start":{"line":159,"column":2},"end":{"line":159,"column":3}},"loc":{"start":{"line":159,"column":38},"end":{"line":169,"column":3}},"line":159},"19":{"name":"(anonymous_19)","decl":{"start":{"line":161,"column":6},"end":{"line":161,"column":7}},"loc":{"start":{"line":161,"column":18},"end":{"line":165,"column":7}},"line":161},"20":{"name":"(anonymous_20)","decl":{"start":{"line":171,"column":2},"end":{"line":171,"column":3}},"loc":{"start":{"line":171,"column":59},"end":{"line":177,"column":3}},"line":171},"21":{"name":"(anonymous_21)","decl":{"start":{"line":179,"column":2},"end":{"line":179,"column":3}},"loc":{"start":{"line":179,"column":57},"end":{"line":184,"column":3}},"line":179},"22":{"name":"(anonymous_22)","decl":{"start":{"line":186,"column":2},"end":{"line":186,"column":3}},"loc":{"start":{"line":186,"column":32},"end":{"line":191,"column":3}},"line":186},"23":{"name":"(anonymous_23)","decl":{"start":{"line":193,"column":2},"end":{"line":193,"column":3}},"loc":{"start":{"line":193,"column":53},"end":{"line":214,"column":3}},"line":193},"24":{"name":"(anonymous_24)","decl":{"start":{"line":195,"column":6},"end":{"line":195,"column":7}},"loc":{"start":{"line":195,"column":18},"end":{"line":211,"column":7}},"line":195},"25":{"name":"(anonymous_25)","decl":{"start":{"line":216,"column":2},"end":{"line":216,"column":3}},"loc":{"start":{"line":216,"column":43},"end":{"line":225,"column":3}},"line":216},"26":{"name":"(anonymous_26)","decl":{"start":{"line":218,"column":6},"end":{"line":218,"column":7}},"loc":{"start":{"line":218,"column":18},"end":{"line":222,"column":7}},"line":218},"27":{"name":"(anonymous_27)","decl":{"start":{"line":227,"column":2},"end":{"line":227,"column":3}},"loc":{"start":{"line":227,"column":46},"end":{"line":231,"column":3}},"line":227},"28":{"name":"(anonymous_28)","decl":{"start":{"line":233,"column":2},"end":{"line":233,"column":3}},"loc":{"start":{"line":233,"column":55},"end":{"line":238,"column":3}},"line":233},"29":{"name":"(anonymous_29)","decl":{"start":{"line":240,"column":2},"end":{"line":240,"column":3}},"loc":{"start":{"line":240,"column":45},"end":{"line":244,"column":3}},"line":240},"30":{"name":"(anonymous_30)","decl":{"start":{"line":246,"column":2},"end":{"line":246,"column":3}},"loc":{"start":{"line":246,"column":38},"end":{"line":255,"column":3}},"line":246},"31":{"name":"(anonymous_31)","decl":{"start":{"line":248,"column":6},"end":{"line":248,"column":7}},"loc":{"start":{"line":248,"column":18},"end":{"line":252,"column":7}},"line":248},"32":{"name":"(anonymous_32)","decl":{"start":{"line":257,"column":2},"end":{"line":257,"column":3}},"loc":{"start":{"line":257,"column":61},"end":{"line":262,"column":3}},"line":257},"33":{"name":"(anonymous_33)","decl":{"start":{"line":264,"column":2},"end":{"line":264,"column":3}},"loc":{"start":{"line":264,"column":75},"end":{"line":269,"column":3}},"line":264},"34":{"name":"(anonymous_34)","decl":{"start":{"line":271,"column":2},"end":{"line":271,"column":3}},"loc":{"start":{"line":271,"column":36},"end":{"line":275,"column":3}},"line":271},"35":{"name":"(anonymous_35)","decl":{"start":{"line":277,"column":2},"end":{"line":277,"column":3}},"loc":{"start":{"line":277,"column":60},"end":{"line":282,"column":3}},"line":277},"36":{"name":"(anonymous_36)","decl":{"start":{"line":284,"column":2},"end":{"line":284,"column":3}},"loc":{"start":{"line":284,"column":43},"end":{"line":288,"column":3}},"line":284}},"branchMap":{"0":{"loc":{"start":{"line":39,"column":2},"end":{"line":42,"column":3}},"type":"if","locations":[{"start":{"line":39,"column":2},"end":{"line":42,"column":3}},{"start":{},"end":{}}],"line":39},"1":{"loc":{"start":{"line":40,"column":4},"end":{"line":40,"column":54}},"type":"if","locations":[{"start":{"line":40,"column":4},"end":{"line":40,"column":54}},{"start":{},"end":{}}],"line":40},"2":{"loc":{"start":{"line":45,"column":4},"end":{"line":45,"column":52}},"type":"if","locations":[{"start":{"line":45,"column":4},"end":{"line":45,"column":52}},{"start":{},"end":{}}],"line":45},"3":{"loc":{"start":{"line":48,"column":4},"end":{"line":51,"column":5}},"type":"if","locations":[{"start":{"line":48,"column":4},"end":{"line":51,"column":5}},{"start":{},"end":{}}],"line":48},"4":{"loc":{"start":{"line":50,"column":6},"end":{"line":50,"column":32}},"type":"if","locations":[{"start":{"line":50,"column":6},"end":{"line":50,"column":32}},{"start":{},"end":{}}],"line":50},"5":{"loc":{"start":{"line":61,"column":8},"end":{"line":61,"column":31}},"type":"if","locations":[{"start":{"line":61,"column":8},"end":{"line":61,"column":31}},{"start":{},"end":{}}],"line":61},"6":{"loc":{"start":{"line":62,"column":15},"end":{"line":62,"column":25}},"type":"binary-expr","locations":[{"start":{"line":62,"column":15},"end":{"line":62,"column":19}},{"start":{"line":62,"column":23},"end":{"line":62,"column":25}}],"line":62},"7":{"loc":{"start":{"line":70,"column":4},"end":{"line":70,"column":202}},"type":"if","locations":[{"start":{"line":70,"column":4},"end":{"line":70,"column":202}},{"start":{},"end":{}}],"line":70},"8":{"loc":{"start":{"line":72,"column":4},"end":{"line":72,"column":27}},"type":"if","locations":[{"start":{"line":72,"column":4},"end":{"line":72,"column":27}},{"start":{},"end":{}}],"line":72},"9":{"loc":{"start":{"line":78,"column":4},"end":{"line":78,"column":75}},"type":"if","locations":[{"start":{"line":78,"column":4},"end":{"line":78,"column":75}},{"start":{},"end":{}}],"line":78},"10":{"loc":{"start":{"line":80,"column":4},"end":{"line":80,"column":27}},"type":"if","locations":[{"start":{"line":80,"column":4},"end":{"line":80,"column":27}},{"start":{},"end":{}}],"line":80},"11":{"loc":{"start":{"line":85,"column":4},"end":{"line":85,"column":75}},"type":"if","locations":[{"start":{"line":85,"column":4},"end":{"line":85,"column":75}},{"start":{},"end":{}}],"line":85},"12":{"loc":{"start":{"line":87,"column":4},"end":{"line":87,"column":27}},"type":"if","locations":[{"start":{"line":87,"column":4},"end":{"line":87,"column":27}},{"start":{},"end":{}}],"line":87},"13":{"loc":{"start":{"line":95,"column":8},"end":{"line":95,"column":31}},"type":"if","locations":[{"start":{"line":95,"column":8},"end":{"line":95,"column":31}},{"start":{},"end":{}}],"line":95},"14":{"loc":{"start":{"line":96,"column":16},"end":{"line":96,"column":26}},"type":"binary-expr","locations":[{"start":{"line":96,"column":16},"end":{"line":96,"column":20}},{"start":{"line":96,"column":24},"end":{"line":96,"column":26}}],"line":96},"15":{"loc":{"start":{"line":104,"column":4},"end":{"line":104,"column":202}},"type":"if","locations":[{"start":{"line":104,"column":4},"end":{"line":104,"column":202}},{"start":{},"end":{}}],"line":104},"16":{"loc":{"start":{"line":106,"column":4},"end":{"line":106,"column":27}},"type":"if","locations":[{"start":{"line":106,"column":4},"end":{"line":106,"column":27}},{"start":{},"end":{}}],"line":106},"17":{"loc":{"start":{"line":112,"column":4},"end":{"line":112,"column":75}},"type":"if","locations":[{"start":{"line":112,"column":4},"end":{"line":112,"column":75}},{"start":{},"end":{}}],"line":112},"18":{"loc":{"start":{"line":114,"column":4},"end":{"line":114,"column":27}},"type":"if","locations":[{"start":{"line":114,"column":4},"end":{"line":114,"column":27}},{"start":{},"end":{}}],"line":114},"19":{"loc":{"start":{"line":119,"column":4},"end":{"line":119,"column":75}},"type":"if","locations":[{"start":{"line":119,"column":4},"end":{"line":119,"column":75}},{"start":{},"end":{}}],"line":119},"20":{"loc":{"start":{"line":121,"column":4},"end":{"line":121,"column":27}},"type":"if","locations":[{"start":{"line":121,"column":4},"end":{"line":121,"column":27}},{"start":{},"end":{}}],"line":121},"21":{"loc":{"start":{"line":129,"column":8},"end":{"line":129,"column":31}},"type":"if","locations":[{"start":{"line":129,"column":8},"end":{"line":129,"column":31}},{"start":{},"end":{}}],"line":129},"22":{"loc":{"start":{"line":130,"column":15},"end":{"line":130,"column":25}},"type":"binary-expr","locations":[{"start":{"line":130,"column":15},"end":{"line":130,"column":19}},{"start":{"line":130,"column":23},"end":{"line":130,"column":25}}],"line":130},"23":{"loc":{"start":{"line":138,"column":4},"end":{"line":138,"column":171}},"type":"if","locations":[{"start":{"line":138,"column":4},"end":{"line":138,"column":171}},{"start":{},"end":{}}],"line":138},"24":{"loc":{"start":{"line":140,"column":4},"end":{"line":140,"column":27}},"type":"if","locations":[{"start":{"line":140,"column":4},"end":{"line":140,"column":27}},{"start":{},"end":{}}],"line":140},"25":{"loc":{"start":{"line":146,"column":4},"end":{"line":146,"column":77}},"type":"if","locations":[{"start":{"line":146,"column":4},"end":{"line":146,"column":77}},{"start":{},"end":{}}],"line":146},"26":{"loc":{"start":{"line":148,"column":4},"end":{"line":148,"column":27}},"type":"if","locations":[{"start":{"line":148,"column":4},"end":{"line":148,"column":27}},{"start":{},"end":{}}],"line":148},"27":{"loc":{"start":{"line":153,"column":4},"end":{"line":153,"column":77}},"type":"if","locations":[{"start":{"line":153,"column":4},"end":{"line":153,"column":77}},{"start":{},"end":{}}],"line":153},"28":{"loc":{"start":{"line":155,"column":4},"end":{"line":155,"column":27}},"type":"if","locations":[{"start":{"line":155,"column":4},"end":{"line":155,"column":27}},{"start":{},"end":{}}],"line":155},"29":{"loc":{"start":{"line":163,"column":8},"end":{"line":163,"column":31}},"type":"if","locations":[{"start":{"line":163,"column":8},"end":{"line":163,"column":31}},{"start":{},"end":{}}],"line":163},"30":{"loc":{"start":{"line":164,"column":15},"end":{"line":164,"column":25}},"type":"binary-expr","locations":[{"start":{"line":164,"column":15},"end":{"line":164,"column":19}},{"start":{"line":164,"column":23},"end":{"line":164,"column":25}}],"line":164},"31":{"loc":{"start":{"line":172,"column":4},"end":{"line":172,"column":161}},"type":"if","locations":[{"start":{"line":172,"column":4},"end":{"line":172,"column":161}},{"start":{},"end":{}}],"line":172},"32":{"loc":{"start":{"line":174,"column":4},"end":{"line":174,"column":27}},"type":"if","locations":[{"start":{"line":174,"column":4},"end":{"line":174,"column":27}},{"start":{},"end":{}}],"line":174},"33":{"loc":{"start":{"line":180,"column":4},"end":{"line":180,"column":74}},"type":"if","locations":[{"start":{"line":180,"column":4},"end":{"line":180,"column":74}},{"start":{},"end":{}}],"line":180},"34":{"loc":{"start":{"line":182,"column":4},"end":{"line":182,"column":27}},"type":"if","locations":[{"start":{"line":182,"column":4},"end":{"line":182,"column":27}},{"start":{},"end":{}}],"line":182},"35":{"loc":{"start":{"line":187,"column":4},"end":{"line":187,"column":74}},"type":"if","locations":[{"start":{"line":187,"column":4},"end":{"line":187,"column":74}},{"start":{},"end":{}}],"line":187},"36":{"loc":{"start":{"line":189,"column":4},"end":{"line":189,"column":27}},"type":"if","locations":[{"start":{"line":189,"column":4},"end":{"line":189,"column":27}},{"start":{},"end":{}}],"line":189},"37":{"loc":{"start":{"line":204,"column":24},"end":{"line":204,"column":46}},"type":"binary-expr","locations":[{"start":{"line":204,"column":24},"end":{"line":204,"column":41}},{"start":{"line":204,"column":45},"end":{"line":204,"column":46}}],"line":204},"38":{"loc":{"start":{"line":205,"column":22},"end":{"line":205,"column":45}},"type":"binary-expr","locations":[{"start":{"line":205,"column":22},"end":{"line":205,"column":40}},{"start":{"line":205,"column":44},"end":{"line":205,"column":45}}],"line":205},"39":{"loc":{"start":{"line":207,"column":26},"end":{"line":207,"column":49}},"type":"binary-expr","locations":[{"start":{"line":207,"column":26},"end":{"line":207,"column":44}},{"start":{"line":207,"column":48},"end":{"line":207,"column":49}}],"line":207},"40":{"loc":{"start":{"line":220,"column":8},"end":{"line":220,"column":31}},"type":"if","locations":[{"start":{"line":220,"column":8},"end":{"line":220,"column":31}},{"start":{},"end":{}}],"line":220},"41":{"loc":{"start":{"line":228,"column":4},"end":{"line":228,"column":40}},"type":"if","locations":[{"start":{"line":228,"column":4},"end":{"line":228,"column":40}},{"start":{},"end":{}}],"line":228},"42":{"loc":{"start":{"line":230,"column":4},"end":{"line":230,"column":27}},"type":"if","locations":[{"start":{"line":230,"column":4},"end":{"line":230,"column":27}},{"start":{},"end":{}}],"line":230},"43":{"loc":{"start":{"line":234,"column":4},"end":{"line":234,"column":125}},"type":"if","locations":[{"start":{"line":234,"column":4},"end":{"line":234,"column":125}},{"start":{},"end":{}}],"line":234},"44":{"loc":{"start":{"line":236,"column":4},"end":{"line":236,"column":27}},"type":"if","locations":[{"start":{"line":236,"column":4},"end":{"line":236,"column":27}},{"start":{},"end":{}}],"line":236},"45":{"loc":{"start":{"line":241,"column":4},"end":{"line":241,"column":40}},"type":"if","locations":[{"start":{"line":241,"column":4},"end":{"line":241,"column":40}},{"start":{},"end":{}}],"line":241},"46":{"loc":{"start":{"line":243,"column":4},"end":{"line":243,"column":27}},"type":"if","locations":[{"start":{"line":243,"column":4},"end":{"line":243,"column":27}},{"start":{},"end":{}}],"line":243},"47":{"loc":{"start":{"line":250,"column":8},"end":{"line":250,"column":31}},"type":"if","locations":[{"start":{"line":250,"column":8},"end":{"line":250,"column":31}},{"start":{},"end":{}}],"line":250},"48":{"loc":{"start":{"line":251,"column":15},"end":{"line":251,"column":25}},"type":"binary-expr","locations":[{"start":{"line":251,"column":15},"end":{"line":251,"column":19}},{"start":{"line":251,"column":23},"end":{"line":251,"column":25}}],"line":251},"49":{"loc":{"start":{"line":258,"column":4},"end":{"line":258,"column":43}},"type":"if","locations":[{"start":{"line":258,"column":4},"end":{"line":258,"column":43}},{"start":{},"end":{}}],"line":258},"50":{"loc":{"start":{"line":260,"column":4},"end":{"line":260,"column":27}},"type":"if","locations":[{"start":{"line":260,"column":4},"end":{"line":260,"column":27}},{"start":{},"end":{}}],"line":260},"51":{"loc":{"start":{"line":261,"column":11},"end":{"line":261,"column":21}},"type":"binary-expr","locations":[{"start":{"line":261,"column":11},"end":{"line":261,"column":15}},{"start":{"line":261,"column":19},"end":{"line":261,"column":21}}],"line":261},"52":{"loc":{"start":{"line":265,"column":4},"end":{"line":265,"column":97}},"type":"if","locations":[{"start":{"line":265,"column":4},"end":{"line":265,"column":97}},{"start":{},"end":{}}],"line":265},"53":{"loc":{"start":{"line":267,"column":4},"end":{"line":267,"column":27}},"type":"if","locations":[{"start":{"line":267,"column":4},"end":{"line":267,"column":27}},{"start":{},"end":{}}],"line":267},"54":{"loc":{"start":{"line":272,"column":4},"end":{"line":272,"column":40}},"type":"if","locations":[{"start":{"line":272,"column":4},"end":{"line":272,"column":40}},{"start":{},"end":{}}],"line":272},"55":{"loc":{"start":{"line":274,"column":4},"end":{"line":274,"column":27}},"type":"if","locations":[{"start":{"line":274,"column":4},"end":{"line":274,"column":27}},{"start":{},"end":{}}],"line":274},"56":{"loc":{"start":{"line":278,"column":4},"end":{"line":278,"column":45}},"type":"if","locations":[{"start":{"line":278,"column":4},"end":{"line":278,"column":45}},{"start":{},"end":{}}],"line":278},"57":{"loc":{"start":{"line":280,"column":4},"end":{"line":280,"column":27}},"type":"if","locations":[{"start":{"line":280,"column":4},"end":{"line":280,"column":27}},{"start":{},"end":{}}],"line":280},"58":{"loc":{"start":{"line":285,"column":4},"end":{"line":285,"column":45}},"type":"if","locations":[{"start":{"line":285,"column":4},"end":{"line":285,"column":45}},{"start":{},"end":{}}],"line":285}},"s":{"0":1,"1":27,"2":7,"3":7,"4":4,"5":7,"6":0,"7":0,"8":0,"9":0,"10":0,"11":0,"12":0,"13":0,"14":0,"15":0,"16":1,"17":1,"18":0,"19":0,"20":0,"21":0,"22":1,"23":1,"24":1,"25":0,"26":0,"27":0,"28":0,"29":0,"30":1,"31":1,"32":1,"33":0,"34":0,"35":0,"36":0,"37":1,"38":1,"39":1,"40":0,"41":0,"42":0,"43":0,"44":1,"45":0,"46":0,"47":0,"48":0,"49":0,"50":1,"51":1,"52":1,"53":0,"54":0,"55":0,"56":0,"57":0,"58":1,"59":1,"60":1,"61":0,"62":0,"63":0,"64":0,"65":1,"66":1,"67":1,"68":0,"69":0,"70":0,"71":0,"72":1,"73":0,"74":0,"75":0,"76":0,"77":1,"78":1,"79":1,"80":0,"81":0,"82":0,"83":0,"84":0,"85":1,"86":1,"87":1,"88":0,"89":0,"90":0,"91":0,"92":1,"93":1,"94":1,"95":0,"96":0,"97":0,"98":0,"99":1,"100":0,"101":0,"102":0,"103":0,"104":1,"105":1,"106":1,"107":0,"108":0,"109":0,"110":0,"111":0,"112":1,"113":1,"114":1,"115":0,"116":0,"117":0,"118":0,"119":1,"120":1,"121":1,"122":0,"123":0,"124":0,"125":0,"126":1,"127":0,"128":0,"129":0,"130":0,"131":1,"132":0,"133":0,"134":0,"135":0,"136":1,"137":1,"138":0,"139":0,"140":0,"141":1,"142":1,"143":0,"144":0,"145":0,"146":0,"147":1,"148":1,"149":0,"150":0,"151":0,"152":1,"153":0,"154":0,"155":0,"156":0,"157":1,"158":1,"159":0,"160":0,"161":0,"162":0,"163":1,"164":1,"165":0,"166":0,"167":0,"168":0,"169":1,"170":1,"171":0,"172":0,"173":0,"174":1,"175":1,"176":0,"177":0,"178":0,"179":0,"180":1,"181":1,"182":0,"183":0},"f":{"0":27,"1":7,"2":1,"3":0,"4":1,"5":1,"6":1,"7":1,"8":0,"9":0,"10":1,"11":1,"12":1,"13":1,"14":0,"15":1,"16":1,"17":1,"18":1,"19":0,"20":1,"21":1,"22":1,"23":1,"24":0,"25":1,"26":0,"27":1,"28":1,"29":1,"30":1,"31":0,"32":1,"33":1,"34":1,"35":1,"36":1},"b":{"0":[7,0],"1":[4,3],"2":[0,0],"3":[0,0],"4":[0,0],"5":[0,0],"6":[0,0],"7":[1,0],"8":[0,0],"9":[1,0],"10":[0,0],"11":[1,0],"12":[0,0],"13":[0,0],"14":[0,0],"15":[1,0],"16":[0,0],"17":[1,0],"18":[0,0],"19":[1,0],"20":[0,0],"21":[0,0],"22":[0,0],"23":[1,0],"24":[0,0],"25":[1,0],"26":[0,0],"27":[1,0],"28":[0,0],"29":[0,0],"30":[0,0],"31":[1,0],"32":[0,0],"33":[1,0],"34":[0,0],"35":[1,0],"36":[0,0],"37":[0,0],"38":[0,0],"39":[0,0],"40":[0,0],"41":[1,0],"42":[0,0],"43":[1,0],"44":[0,0],"45":[1,0],"46":[0,0],"47":[0,0],"48":[0,0],"49":[1,0],"50":[0,0],"51":[0,0],"52":[1,0],"53":[0,0],"54":[1,0],"55":[0,0],"56":[1,0],"57":[0,0],"58":[1,0]},"_coverageSchema":"1a1c01bbd47fc00a2c39e90264f33305004495a9","hash":"0465b84d464efbe9d3cf5e7cd141a075394b6ed1"}
[...]
,"C:\\TechControl\\src\\store\\index.ts": {"path":"C:\\TechControl\\src\\store\\index.ts","statementMap":{},"fnMap":{},"branchMap":{},"s":{},"f":{},"b":{},"_coverageSchema":"1a1c01bbd47fc00a2c39e90264f33305004495a9","hash":"99b8d962be805be61daca2f02d4826e85d9554aa"}
,"C:\\TechControl\\src\\store\\useAppStore.ts": {"path":"C:\\TechControl\\src\\store\\useAppStore.ts","statementMap":{"0":{"start":{"line":34,"column":27},"end":{"line":72,"column":1}},"1":{"start":{"line":36,"column":14},"end":{"line":60,"column":5}},"2":{"start":{"line":45,"column":25},"end":{"line":45,"column":63}},"3":{"start":{"line":46,"column":35},"end":{"line":46,"column":66}},"4":{"start":{"line":47,"column":28},"end":{"line":47,"column":79}},"5":{"start":{"line":47,"column":44},"end":{"line":47,"column":77}},"6":{"start":{"line":48,"column":30},"end":{"line":48,"column":56}},"7":{"start":{"line":49,"column":36},"end":{"line":49,"column":68}},"8":{"start":{"line":50,"column":27},"end":{"line":50,"column":41}},"9":{"start":{"line":51,"column":31},"end":{"line":51,"column":47}},"10":{"start":{"line":52,"column":45},"end":{"line":52,"column":93}},"11":{"start":{"line":53,"column":23},"end":{"line":53,"column":84}},"12":{"start":{"line":55,"column":8},"end":{"line":59,"column":10}},"13":{"start":{"line":63,"column":39},"end":{"line":63,"column":51}},"14":{"start":{"line":64,"column":30},"end":{"line":69,"column":7}}},"fnMap":{"0":{"name":"(anonymous_0)","decl":{"start":{"line":36,"column":4},"end":{"line":36,"column":5}},"loc":{"start":{"line":36,"column":14},"end":{"line":60,"column":5}},"line":36},"1":{"name":"(anonymous_1)","decl":{"start":{"line":45,"column":15},"end":{"line":45,"column":16}},"loc":{"start":{"line":45,"column":25},"end":{"line":45,"column":63}},"line":45},"2":{"name":"(anonymous_2)","decl":{"start":{"line":46,"column":24},"end":{"line":46,"column":25}},"loc":{"start":{"line":46,"column":35},"end":{"line":46,"column":66}},"line":46},"3":{"name":"(anonymous_3)","decl":{"start":{"line":47,"column":22},"end":{"line":47,"column":23}},"loc":{"start":{"line":47,"column":28},"end":{"line":47,"column":79}},"line":47},"4":{"name":"(anonymous_4)","decl":{"start":{"line":47,"column":32},"end":{"line":47,"column":33}},"loc":{"start":{"line":47,"column":44},"end":{"line":47,"column":77}},"line":47},"5":{"name":"(anonymous_5)","decl":{"start":{"line":48,"column":19},"end":{"line":48,"column":20}},"loc":{"start":{"line":48,"column":30},"end":{"line":48,"column":56}},"line":48},"6":{"name":"(anonymous_6)","decl":{"start":{"line":49,"column":25},"end":{"line":49,"column":26}},"loc":{"start":{"line":49,"column":36},"end":{"line":49,"column":68}},"line":49},"7":{"name":"(anonymous_7)","decl":{"start":{"line":50,"column":16},"end":{"line":50,"column":17}},"loc":{"start":{"line":50,"column":27},"end":{"line":50,"column":41}},"line":50},"8":{"name":"(anonymous_8)","decl":{"start":{"line":51,"column":18},"end":{"line":51,"column":19}},"loc":{"start":{"line":51,"column":31},"end":{"line":51,"column":47}},"line":51},"9":{"name":"(anonymous_9)","decl":{"start":{"line":52,"column":17},"end":{"line":52,"column":18}},"loc":{"start":{"line":52,"column":45},"end":{"line":52,"column":93}},"line":52},"10":{"name":"(anonymous_10)","decl":{"start":{"line":53,"column":17},"end":{"line":53,"column":18}},"loc":{"start":{"line":53,"column":23},"end":{"line":53,"column":84}},"line":53},"11":{"name":"(anonymous_11)","decl":{"start":{"line":54,"column":14},"end":{"line":54,"column":15}},"loc":{"start":{"line":55,"column":8},"end":{"line":59,"column":10}},"line":55},"12":{"name":"(anonymous_12)","decl":{"start":{"line":63,"column":33},"end":{"line":63,"column":34}},"loc":{"start":{"line":63,"column":39},"end":{"line":63,"column":51}},"line":63},"13":{"name":"(anonymous_13)","decl":{"start":{"line":64,"column":18},"end":{"line":64,"column":19}},"loc":{"start":{"line":64,"column":30},"end":{"line":69,"column":7}},"line":64}},"branchMap":{"0":{"loc":{"start":{"line":52,"column":27},"end":{"line":52,"column":40}},"type":"default-arg","locations":[{"start":{"line":52,"column":34},"end":{"line":52,"column":40}}],"line":52}},"s":{"0":18,"1":18,"2":14,"3":2,"4":6,"5":6,"6":4,"7":1,"8":1,"9":1,"10":4,"11":2,"12":3,"13":18,"14":73},"f":{"0":18,"1":14,"2":2,"3":6,"4":6,"5":4,"6":1,"7":1,"8":1,"9":4,"10":2,"11":3,"12":18,"13":73},"b":{"0":[2]},"_coverageSchema":"1a1c01bbd47fc00a2c39e90264f33305004495a9","hash":"9e21b48c6cb946d306949b24e7b0a9ba75700fa2"}
,"C:\\TechControl\\src\\store\\useThemeStore.ts": {"path":"C:\\TechControl\\src\\store\\useThemeStore.ts","statementMap":{"0":{"start":{"line":4,"column":17},"end":{"line":4,"column":49}},"1":{"start":{"line":4,"column":36},"end":{"line":4,"column":48}},"2":{"start":{"line":5,"column":17},"end":{"line":5,"column":53}},"3":{"start":{"line":5,"column":36},"end":{"line":5,"column":52}},"4":{"start":{"line":6,"column":18},"end":{"line":6,"column":51}},"5":{"start":{"line":6,"column":37},"end":{"line":6,"column":50}},"6":{"start":{"line":8,"column":2},"end":{"line":8,"column":37}}},"fnMap":{"0":{"name":"useThemeStore","decl":{"start":{"line":3,"column":16},"end":{"line":3,"column":29}},"loc":{"start":{"line":3,"column":32},"end":{"line":9,"column":1}},"line":3},"1":{"name":"(anonymous_1)","decl":{"start":{"line":4,"column":29},"end":{"line":4,"column":30}},"loc":{"start":{"line":4,"column":36},"end":{"line":4,"column":48}},"line":4},"2":{"name":"(anonymous_2)","decl":{"start":{"line":5,"column":29},"end":{"line":5,"column":30}},"loc":{"start":{"line":5,"column":36},"end":{"line":5,"column":52}},"line":5},"3":{"name":"(anonymous_3)","decl":{"start":{"line":6,"column":30},"end":{"line":6,"column":31}},"loc":{"start":{"line":6,"column":37},"end":{"line":6,"column":50}},"line":6}},"branchMap":{},"s":{"0":5,"1":17,"2":5,"3":17,"4":5,"5":17,"6":5},"f":{"0":5,"1":17,"2":17,"3":17},"b":{},"_coverageSchema":"1a1c01bbd47fc00a2c39e90264f33305004495a9","hash":"86530603c80e6f929b1a4ab2cc1e750db09444b3"}
,"C:\\TechControl\\src\\theme\\colors.ts": {"path":"C:\\TechControl\\src\\theme\\colors.ts","statementMap":{"0":{"start":{"line":1,"column":22},"end":{"line":64,"column":1}}},"fnMap":{},"branchMap":{},"s":{"0":14},"f":{},"b":{},"_coverageSchema":"1a1c01bbd47fc00a2c39e90264f33305004495a9","hash":"6314aae3e64735fea6aedad3ad659752ccdb218a"}
,"C:\\TechControl\\src\\theme\\spacing.ts": {"path":"C:\\TechControl\\src\\theme\\spacing.ts","statementMap":{"0":{"start":{"line":1,"column":23},"end":{"line":11,"column":1}},"1":{"start":{"line":13,"column":28},"end":{"line":19,"column":1}}},"fnMap":{},"branchMap":{},"s":{"0":11,"1":11},"f":{},"b":{},"_coverageSchema":"1a1c01bbd47fc00a2c39e90264f33305004495a9","hash":"4915786f9d72deeef17a3d64243a3d2255d6b07e"}
,"C:\\TechControl\\src\\utils\\formatters.ts": {"path":"C:\\TechControl\\src\\utils\\formatters.ts","statementMap":{"0":{"start":{"line":2,"column":2},"end":{"line":7,"column":20}},"1":{"start":{"line":11,"column":12},"end":{"line":11,"column":26}},"2":{"start":{"line":12,"column":2},"end":{"line":23,"column":3}},"3":{"start":{"line":13,"column":16},"end":{"line":13,"column":26}},"4":{"start":{"line":14,"column":17},"end":{"line":14,"column":44}},"5":{"start":{"line":15,"column":17},"end":{"line":15,"column":41}},"6":{"start":{"line":16,"column":18},"end":{"line":16,"column":44}},"7":{"start":{"line":17,"column":17},"end":{"line":17,"column":44}},"8":{"start":{"line":18,"column":4},"end":{"line":18,"column":33}},"9":{"start":{"line":18,"column":18},"end":{"line":18,"column":33}},"10":{"start":{"line":19,"column":4},"end":{"line":19,"column":45}},"11":{"start":{"line":19,"column":19},"end":{"line":19,"column":45}},"12":{"start":{"line":20,"column":4},"end":{"line":20,"column":44}},"13":{"start":{"line":20,"column":20},"end":{"line":20,"column":44}},"14":{"start":{"line":21,"column":4},"end":{"line":21,"column":41}},"15":{"start":{"line":21,"column":18},"end":{"line":21,"column":41}},"16":{"start":{"line":22,"column":4},"end":{"line":22,"column":41}},"17":{"start":{"line":24,"column":2},"end":{"line":28,"column":5}},"18":{"start":{"line":32,"column":2},"end":{"line":32,"column":37}},"19":{"start":{"line":36,"column":2},"end":{"line":41,"column":17}},"20":{"start":{"line":38,"column":16},"end":{"line":38,"column":27}},"21":{"start":{"line":45,"column":38},"end":{"line":54,"column":3}},"22":{"start":{"line":55,"column":2},"end":{"line":55,"column":34}},"23":{"start":{"line":59,"column":38},"end":{"line":68,"column":3}},"24":{"start":{"line":69,"column":2},"end":{"line":69,"column":31}},"25":{"start":{"line":73,"column":38},"end":{"line":78,"column":3}},"26":{"start":{"line":79,"column":2},"end":{"line":79,"column":36}}},"fnMap":{"0":{"name":"formatCurrency","decl":{"start":{"line":1,"column":16},"end":{"line":1,"column":30}},"loc":{"start":{"line":1,"column":73},"end":{"line":8,"column":1}},"line":1},"1":{"name":"formatDate","decl":{"start":{"line":10,"column":16},"end":{"line":10,"column":26}},"loc":{"start":{"line":10,"column":104},"end":{"line":29,"column":1}},"line":10},"2":{"name":"formatPhone","decl":{"start":{"line":31,"column":16},"end":{"line":31,"column":27}},"loc":{"start":{"line":31,"column":51},"end":{"line":33,"column":1}},"line":31},"3":{"name":"getInitials","decl":{"start":{"line":35,"column":16},"end":{"line":35,"column":27}},"loc":{"start":{"line":35,"column":50},"end":{"line":42,"column":1}},"line":35},"4":{"name":"(anonymous_4)","decl":{"start":{"line":38,"column":9},"end":{"line":38,"column":10}},"loc":{"start":{"line":38,"column":16},"end":{"line":38,"column":27}},"line":38},"5":{"name":"getStatusColor","decl":{"start":{"line":44,"column":16},"end":{"line":44,"column":30}},"loc":{"start":{"line":44,"column":55},"end":{"line":56,"column":1}},"line":44},"6":{"name":"getStatusLabel","decl":{"start":{"line":58,"column":16},"end":{"line":58,"column":30}},"loc":{"start":{"line":58,"column":55},"end":{"line":70,"column":1}},"line":58},"7":{"name":"getPriorityColor","decl":{"start":{"line":72,"column":16},"end":{"line":72,"column":32}},"loc":{"start":{"line":72,"column":59},"end":{"line":80,"column":1}},"line":72}},"branchMap":{"0":{"loc":{"start":{"line":1,"column":47},"end":{"line":1,"column":63}},"type":"default-arg","locations":[{"start":{"line":1,"column":58},"end":{"line":1,"column":63}}],"line":1},"1":{"loc":{"start":{"line":10,"column":48},"end":{"line":10,"column":94}},"type":"default-arg","locations":[{"start":{"line":10,"column":87},"end":{"line":10,"column":94}}],"line":10},"2":{"loc":{"start":{"line":12,"column":2},"end":{"line":23,"column":3}},"type":"if","locations":[{"start":{"line":12,"column":2},"end":{"line":23,"column":3}},{"start":{},"end":{}}],"line":12},"3":{"loc":{"start":{"line":18,"column":4},"end":{"line":18,"column":33}},"type":"if","locations":[{"start":{"line":18,"column":4},"end":{"line":18,"column":33}},{"start":{},"end":{}}],"line":18},"4":{"loc":{"start":{"line":19,"column":4},"end":{"line":19,"column":45}},"type":"if","locations":[{"start":{"line":19,"column":4},"end":{"line":19,"column":45}},{"start":{},"end":{}}],"line":19},"5":{"loc":{"start":{"line":20,"column":4},"end":{"line":20,"column":44}},"type":"if","locations":[{"start":{"line":20,"column":4},"end":{"line":20,"column":44}},{"start":{},"end":{}}],"line":20},"6":{"loc":{"start":{"line":21,"column":4},"end":{"line":21,"column":41}},"type":"if","locations":[{"start":{"line":21,"column":4},"end":{"line":21,"column":41}},{"start":{},"end":{}}],"line":21},"7":{"loc":{"start":{"line":26,"column":11},"end":{"line":26,"column":48}},"type":"cond-expr","locations":[{"start":{"line":26,"column":30},"end":{"line":26,"column":36}},{"start":{"line":26,"column":39},"end":{"line":26,"column":48}}],"line":26},"8":{"loc":{"start":{"line":55,"column":9},"end":{"line":55,"column":33}},"type":"binary-expr","locations":[{"start":{"line":55,"column":9},"end":{"line":55,"column":20}},{"start":{"line":55,"column":24},"end":{"line":55,"column":33}}],"line":55},"9":{"loc":{"start":{"line":69,"column":9},"end":{"line":69,"column":30}},"type":"binary-expr","locations":[{"start":{"line":69,"column":9},"end":{"line":69,"column":20}},{"start":{"line":69,"column":24},"end":{"line":69,"column":30}}],"line":69},"10":{"loc":{"start":{"line":79,"column":9},"end":{"line":79,"column":35}},"type":"binary-expr","locations":[{"start":{"line":79,"column":9},"end":{"line":79,"column":22}},{"start":{"line":79,"column":26},"end":{"line":79,"column":35}}],"line":79}},"s":{"0":5,"1":10,"2":10,"3":6,"4":6,"5":6,"6":6,"7":6,"8":6,"9":2,"10":4,"11":1,"12":3,"13":1,"14":2,"15":1,"16":1,"17":4,"18":3,"19":9,"20":12,"21":5,"22":5,"23":4,"24":4,"25":4,"26":4},"f":{"0":5,"1":10,"2":3,"3":9,"4":12,"5":5,"6":4,"7":4},"b":{"0":[5],"1":[1],"2":[6,4],"3":[2,4],"4":[1,3],"5":[1,2],"6":[1,1],"7":[1,3],"8":[5,1],"9":[4,0],"10":[4,0]},"_coverageSchema":"1a1c01bbd47fc00a2c39e90264f33305004495a9","hash":"72ab80563cde131e71406c70783ef1524ed307a6"}
,"C:\\TechControl\\src\\utils\\haptics.ts": {"path":"C:\\TechControl\\src\\utils\\haptics.ts","statementMap":{"0":{"start":{"line":4,"column":2},"end":{"line":4,"column":74}},"1":{"start":{"line":4,"column":8},"end":{"line":4,"column":63}},"2":{"start":{"line":8,"column":2},"end":{"line":8,"column":75}},"3":{"start":{"line":8,"column":8},"end":{"line":8,"column":64}},"4":{"start":{"line":12,"column":2},"end":{"line":12,"column":87}},"5":{"start":{"line":12,"column":8},"end":{"line":12,"column":76}},"6":{"start":{"line":16,"column":2},"end":{"line":16,"column":85}},"7":{"start":{"line":16,"column":8},"end":{"line":16,"column":74}},"8":{"start":{"line":20,"column":2},"end":{"line":20,"column":87}},"9":{"start":{"line":20,"column":8},"end":{"line":20,"column":76}}},"fnMap":{"0":{"name":"hapticLight","decl":{"start":{"line":3,"column":16},"end":{"line":3,"column":27}},"loc":{"start":{"line":3,"column":30},"end":{"line":5,"column":1}},"line":3},"1":{"name":"hapticMedium","decl":{"start":{"line":7,"column":16},"end":{"line":7,"column":28}},"loc":{"start":{"line":7,"column":31},"end":{"line":9,"column":1}},"line":7},"2":{"name":"hapticSuccess","decl":{"start":{"line":11,"column":16},"end":{"line":11,"column":29}},"loc":{"start":{"line":11,"column":32},"end":{"line":13,"column":1}},"line":11},"3":{"name":"hapticError","decl":{"start":{"line":15,"column":16},"end":{"line":15,"column":27}},"loc":{"start":{"line":15,"column":30},"end":{"line":17,"column":1}},"line":15},"4":{"name":"hapticWarning","decl":{"start":{"line":19,"column":16},"end":{"line":19,"column":29}},"loc":{"start":{"line":19,"column":32},"end":{"line":21,"column":1}},"line":19}},"branchMap":{},"s":{"0":7,"1":7,"2":1,"3":1,"4":1,"5":1,"6":1,"7":1,"8":1,"9":1},"f":{"0":7,"1":1,"2":1,"3":1,"4":1},"b":{},"_coverageSchema":"1a1c01bbd47fc00a2c39e90264f33305004495a9","hash":"dafe10b230031ba512ba9d84e2a1d40cc3b4c0c4"}
,"C:\\TechControl\\src\\utils\\index.ts": {"path":"C:\\TechControl\\src\\utils\\index.ts","statementMap":{},"fnMap":{},"branchMap":{},"s":{},"f":{},"b":{},"_coverageSchema":"1a1c01bbd47fc00a2c39e90264f33305004495a9","hash":"1343ce9eb48f2b641e1c975b3fa733f05292e68f"}
,"C:\\TechControl\\src\\utils\\validators.ts": {"path":"C:\\TechControl\\src\\utils\\validators.ts","statementMap":{"0":{"start":{"line":2,"column":2},"end":{"line":2,"column":50}},"1":{"start":{"line":6,"column":2},"end":{"line":6,"column":59}},"2":{"start":{"line":10,"column":2},"end":{"line":15,"column":3}},"3":{"start":{"line":11,"column":4},"end":{"line":11,"column":17}},"4":{"start":{"line":12,"column":4},"end":{"line":12,"column":16}},"5":{"start":{"line":14,"column":4},"end":{"line":14,"column":17}},"6":{"start":{"line":19,"column":2},"end":{"line":19,"column":30}}},"fnMap":{"0":{"name":"isValidEmail","decl":{"start":{"line":1,"column":16},"end":{"line":1,"column":28}},"loc":{"start":{"line":1,"column":53},"end":{"line":3,"column":1}},"line":1},"1":{"name":"isValidPhone","decl":{"start":{"line":5,"column":16},"end":{"line":5,"column":28}},"loc":{"start":{"line":5,"column":53},"end":{"line":7,"column":1}},"line":5},"2":{"name":"isValidUrl","decl":{"start":{"line":9,"column":16},"end":{"line":9,"column":26}},"loc":{"start":{"line":9,"column":49},"end":{"line":16,"column":1}},"line":9},"3":{"name":"isStrongPassword","decl":{"start":{"line":18,"column":16},"end":{"line":18,"column":32}},"loc":{"start":{"line":18,"column":60},"end":{"line":20,"column":1}},"line":18}},"branchMap":{},"s":{"0":5,"1":3,"2":2,"3":2,"4":1,"5":1,"6":2},"f":{"0":5,"1":3,"2":2,"3":2},"b":{},"_coverageSchema":"1a1c01bbd47fc00a2c39e90264f33305004495a9","hash":"cbc749e30cb362ce2a7048c2b152e88a64ac3e33"}
,"C:\\TechControl\\src\\utils\\whatsapp.ts": {"path":"C:\\TechControl\\src\\utils\\whatsapp.ts","statementMap":{"0":{"start":{"line":4,"column":21},"end":{"line":4,"column":48}},"1":{"start":{"line":5,"column":15},"end":{"line":5,"column":68}},"2":{"start":{"line":6,"column":14},"end":{"line":8,"column":50}},"3":{"start":{"line":10,"column":2},"end":{"line":12,"column":5}},"4":{"start":{"line":11,"column":4},"end":{"line":11,"column":58}},"5":{"start":{"line":16,"column":14},"end":{"line":20,"column":4}},"6":{"start":{"line":21,"column":2},"end":{"line":21,"column":24}},"7":{"start":{"line":25,"column":12},"end":{"line":25,"column":68}},"8":{"start":{"line":26,"column":2},"end":{"line":26,"column":41}}},"fnMap":{"0":{"name":"openWhatsApp","decl":{"start":{"line":3,"column":16},"end":{"line":3,"column":28}},"loc":{"start":{"line":3,"column":62},"end":{"line":13,"column":1}},"line":3},"1":{"name":"(anonymous_1)","decl":{"start":{"line":10,"column":29},"end":{"line":10,"column":30}},"loc":{"start":{"line":10,"column":35},"end":{"line":12,"column":3}},"line":10},"2":{"name":"openMaps","decl":{"start":{"line":15,"column":16},"end":{"line":15,"column":24}},"loc":{"start":{"line":15,"column":67},"end":{"line":22,"column":1}},"line":15},"3":{"name":"openEmail","decl":{"start":{"line":24,"column":16},"end":{"line":24,"column":25}},"loc":{"start":{"line":24,"column":59},"end":{"line":27,"column":1}},"line":24}},"branchMap":{"0":{"loc":{"start":{"line":5,"column":15},"end":{"line":5,"column":68}},"type":"cond-expr","locations":[{"start":{"line":5,"column":25},"end":{"line":5,"column":63}},{"start":{"line":5,"column":66},"end":{"line":5,"column":68}}],"line":5},"1":{"loc":{"start":{"line":6,"column":14},"end":{"line":8,"column":50}},"type":"cond-expr","locations":[{"start":{"line":7,"column":6},"end":{"line":7,"column":42}},{"start":{"line":8,"column":6},"end":{"line":8,"column":50}}],"line":6},"2":{"loc":{"start":{"line":17,"column":64},"end":{"line":17,"column":75}},"type":"binary-expr","locations":[{"start":{"line":17,"column":64},"end":{"line":17,"column":69}},{"start":{"line":17,"column":73},"end":{"line":17,"column":75}}],"line":17},"3":{"loc":{"start":{"line":18,"column":69},"end":{"line":18,"column":80}},"type":"binary-expr","locations":[{"start":{"line":18,"column":69},"end":{"line":18,"column":74}},{"start":{"line":18,"column":78},"end":{"line":18,"column":80}}],"line":18},"4":{"loc":{"start":{"line":25,"column":12},"end":{"line":25,"column":68}},"type":"cond-expr","locations":[{"start":{"line":25,"column":22},"end":{"line":25,"column":63}},{"start":{"line":25,"column":66},"end":{"line":25,"column":68}}],"line":25}},"s":{"0":4,"1":4,"2":4,"3":4,"4":1,"5":3,"6":3,"7":2,"8":2},"f":{"0":4,"1":1,"2":3,"3":2},"b":{"0":[2,2],"1":[3,1],"2":[3,2],"3":[3,2],"4":[1,1]},"_coverageSchema":"1a1c01bbd47fc00a2c39e90264f33305004495a9","hash":"764200c04b1177f1c0f2fe9aa94aedbff12ccdfd"}
}
