TN:
SF:__jest_mocks__\expo-font.js
FN:6,(anonymous_0)
FN:7,(anonymous_1)
FN:8,(anonymous_2)
FN:8,(anonymous_3)
FNF:4
FNH:1
FNDA:59,(anonymous_0)
FNDA:0,(anonymous_1)
FNDA:0,(anonymous_2)
FNDA:0,(anonymous_3)
DA:1,7
DA:2,7
DA:4,7
DA:6,59
DA:7,0
DA:8,0
LF:6
LH:4
BRF:0
BRH:0
end_of_record
TN:
SF:__jest_mocks__\react-native-reanimated.js
FN:10,(anonymous_0)
FN:11,(anonymous_1)
FN:18,(anonymous_2)
FN:19,(anonymous_3)
FN:20,(anonymous_4)
FN:26,(anonymous_5)
FN:26,(anonymous_6)
FN:26,(anonymous_7)
FN:27,(anonymous_8)
FN:27,(anonymous_9)
FN:27,(anonymous_10)
FN:28,(anonymous_11)
FN:28,(anonymous_12)
FN:28,(anonymous_13)
FN:29,(anonymous_14)
FN:29,(anonymous_15)
FN:29,(anonymous_16)
FN:30,(anonymous_17)
FN:30,(anonymous_18)
FN:30,(anonymous_19)
FN:31,(anonymous_20)
FN:31,(anonymous_21)
FN:31,(anonymous_22)
FN:32,(anonymous_23)
FN:32,(anonymous_24)
FN:32,(anonymous_25)
FN:33,(anonymous_26)
FN:33,(anonymous_27)
FN:33,(anonymous_28)
FN:34,(anonymous_29)
FN:34,(anonymous_30)
FN:34,(anonymous_31)
FN:35,(anonymous_32)
FN:35,(anonymous_33)
FN:35,(anonymous_34)
FN:36,(anonymous_35)
FN:37,(anonymous_36)
FN:38,(anonymous_37)
FN:39,(anonymous_38)
FN:40,(anonymous_39)
FN:41,(anonymous_40)
FN:42,(anonymous_41)
FN:43,(anonymous_42)
FNF:43
FNH:7
FNDA:0,(anonymous_0)
FNDA:0,(anonymous_1)
FNDA:3,(anonymous_2)
FNDA:0,(anonymous_3)
FNDA:0,(anonymous_4)
FNDA:2,(anonymous_5)
FNDA:2,(anonymous_6)
FNDA:2,(anonymous_7)
FNDA:1,(anonymous_8)
FNDA:1,(anonymous_9)
FNDA:1,(anonymous_10)
FNDA:0,(anonymous_11)
FNDA:0,(anonymous_12)
FNDA:0,(anonymous_13)
FNDA:0,(anonymous_14)
FNDA:0,(anonymous_15)
FNDA:0,(anonymous_16)
FNDA:0,(anonymous_17)
FNDA:0,(anonymous_18)
FNDA:0,(anonymous_19)
FNDA:0,(anonymous_20)
FNDA:0,(anonymous_21)
FNDA:0,(anonymous_22)
FNDA:0,(anonymous_23)
FNDA:0,(anonymous_24)
FNDA:0,(anonymous_25)
FNDA:0,(anonymous_26)
FNDA:0,(anonymous_27)
FNDA:0,(anonymous_28)
FNDA:0,(anonymous_29)
FNDA:0,(anonymous_30)
FNDA:0,(anonymous_31)
FNDA:0,(anonymous_32)
FNDA:0,(anonymous_33)
FNDA:0,(anonymous_34)
FNDA:0,(anonymous_35)
FNDA:0,(anonymous_36)
FNDA:0,(anonymous_37)
FNDA:0,(anonymous_38)
FNDA:0,(anonymous_39)
FNDA:0,(anonymous_40)
FNDA:0,(anonymous_41)
FNDA:0,(anonymous_42)
DA:1,2
DA:2,2
DA:4,2
DA:11,0
DA:12,0
DA:14,0
DA:15,0
DA:18,3
DA:19,0
DA:20,0
DA:26,2
DA:27,1
DA:28,0
DA:29,0
DA:30,0
DA:31,0
DA:32,0
DA:33,0
DA:34,0
DA:35,0
DA:36,0
DA:37,0
DA:38,0
DA:39,0
DA:40,0
DA:41,0
DA:42,0
DA:43,0
DA:47,2
LF:29
LH:7
BRF:0
BRH:0
end_of_record
TN:
SF:src\components\AnimatedCard.tsx
FN:20,AnimatedCard
FNF:1
FNH:1
FNDA:3,AnimatedCard
DA:15,2
DA:21,3
DA:22,3
DA:23,3
DA:25,3
LF:5
LH:5
BRDA:20,0,0,2
BRDA:20,1,0,2
BRDA:22,2,0,0
BRDA:22,2,1,3
BRF:4
BRH:3
end_of_record
TN:
SF:src\components\Avatar.tsx
FN:15,Avatar
FNF:1
FNH:1
FNDA:4,Avatar
DA:16,4
DA:17,4
DA:19,4
DA:29,4
DA:30,1
DA:38,3
DA:46,2
LF:7
LH:7
BRDA:15,0,0,1
BRDA:15,1,0,3
BRDA:19,2,0,0
BRDA:19,2,1,4
BRDA:24,3,0,4
BRDA:24,3,1,1
BRDA:29,4,0,1
BRDA:29,4,1,3
BRDA:33,5,0,1
BRDA:33,5,1,0
BRDA:41,6,0,3
BRDA:41,6,1,0
BRF:12
BRH:9
end_of_record
TN:
SF:src\components\Badge.tsx
FN:13,Badge
FNF:1
FNH:1
FNDA:3,Badge
DA:14,3
DA:16,3
DA:24,3
DA:32,3
DA:40,3
DA:42,3
DA:69,2
LF:7
LH:7
BRDA:13,0,0,2
BRDA:13,1,0,2
BRDA:40,2,0,0
BRDA:40,2,1,3
BRDA:48,3,0,3
BRDA:48,3,1,0
BRDA:49,4,0,3
BRDA:49,4,1,0
BRDA:59,5,0,3
BRDA:59,5,1,0
BRF:10
BRH:6
end_of_record
TN:
SF:src\components\Button.tsx
FN:25,Button
FN:71,(anonymous_1)
FNF:2
FNH:2
FNDA:22,Button
FNDA:6,(anonymous_1)
DA:34,22
DA:36,22
DA:43,22
DA:50,22
DA:52,22
DA:58,22
DA:71,6
DA:94,3
LF:8
LH:8
BRDA:28,0,0,22
BRDA:29,1,0,20
BRDA:30,2,0,4
BRDA:31,3,0,22
BRDA:50,4,0,0
BRDA:50,4,1,22
BRDA:66,5,0,0
BRDA:66,5,1,22
BRDA:67,6,0,0
BRDA:67,6,1,22
BRDA:72,7,0,22
BRDA:72,7,1,22
BRDA:75,8,0,2
BRDA:75,8,1,20
BRDA:83,9,0,2
BRDA:83,9,1,18
BRF:16
BRH:13
end_of_record
TN:
SF:src\components\Card.tsx
FN:14,Card
FN:36,CardHeader
FNF:2
FNH:2
FNDA:3,Card
FNDA:2,CardHeader
DA:15,3
DA:16,3
DA:18,3
DA:37,2
DA:38,2
DA:52,2
LF:6
LH:6
BRDA:14,0,0,2
BRDA:16,1,0,1
BRDA:16,1,1,2
BRDA:41,2,0,2
BRDA:41,2,1,0
BRDA:44,3,0,2
BRDA:44,3,1,1
BRF:7
BRH:6
end_of_record
TN:
SF:src\components\EmptyState.tsx
FN:16,EmptyState
FNF:1
FNH:1
FNDA:5,EmptyState
DA:17,5
DA:19,5
DA:33,2
LF:3
LH:3
BRDA:16,0,0,5
BRDA:25,1,0,5
BRDA:25,1,1,1
BRDA:26,2,0,5
BRDA:26,2,1,2
BRDA:26,2,2,2
BRF:6
BRH:6
end_of_record
TN:
SF:src\components\FloatingActionButton.tsx
FN:12,FloatingActionButton
FN:16,(anonymous_1)
FNF:2
FNH:2
FNDA:2,FloatingActionButton
FNDA:2,(anonymous_1)
DA:13,2
DA:14,2
DA:16,2
DA:17,2
DA:20,2
DA:33,2
LF:6
LH:6
BRDA:12,0,0,2
BRDA:23,1,0,2
BRDA:23,1,1,1
BRF:3
BRH:3
end_of_record
TN:
SF:src\components\Input.tsx
FN:19,Input
FNF:1
FNH:1
FNDA:35,Input
DA:20,35
DA:21,35
DA:38,2
LF:3
LH:3
BRDA:23,0,0,35
BRDA:23,0,1,33
BRDA:27,1,0,0
BRDA:27,1,1,35
BRDA:28,2,0,35
BRDA:28,2,1,0
BRDA:33,3,0,35
BRDA:33,3,1,0
BRF:8
BRH:5
end_of_record
TN:
SF:src\components\Loading.tsx
FN:11,Loading
FNF:1
FNH:1
FNDA:4,Loading
DA:12,4
DA:15,4
DA:21,4
DA:22,1
DA:25,3
DA:28,2
LF:6
LH:6
BRDA:15,0,0,4
BRDA:15,0,1,1
BRDA:17,1,0,4
BRDA:17,1,1,2
BRDA:21,2,0,1
BRDA:21,2,1,3
BRF:6
BRH:6
end_of_record
TN:
SF:src\components\SearchBar.tsx
FN:14,SearchBar
FN:28,(anonymous_1)
FNF:2
FNH:1
FNDA:3,SearchBar
FNDA:0,(anonymous_1)
DA:15,3
DA:17,3
DA:28,0
DA:36,2
LF:4
LH:3
BRDA:14,0,0,1
BRDA:27,1,0,3
BRDA:27,1,1,1
BRF:3
BRH:3
end_of_record
TN:
SF:src\components\StatCard.tsx
FN:22,StatCard
FNF:1
FNH:1
FNDA:4,StatCard
DA:23,4
DA:24,4
DA:50,2
LF:3
LH:3
BRDA:29,0,0,1
BRDA:29,0,1,3
BRDA:35,1,0,4
BRDA:35,1,1,3
BRDA:38,2,0,1
BRDA:38,2,1,3
BRDA:41,3,0,3
BRDA:41,3,1,2
BRF:8
BRH:8
end_of_record
TN:
SF:src\components\Toast.tsx
FN:24,Toast
FN:36,(anonymous_1)
FN:44,(anonymous_2)
FN:48,(anonymous_3)
FN:50,(anonymous_4)
FNF:5
FNH:3
FNDA:5,Toast
FNDA:5,(anonymous_1)
FNDA:0,(anonymous_2)
FNDA:0,(anonymous_3)
FNDA:4,(anonymous_4)
DA:17,2
DA:25,5
DA:26,5
DA:27,5
DA:29,5
DA:36,5
DA:37,5
DA:38,4
DA:43,4
DA:44,4
DA:45,0
DA:48,0
DA:50,4
DA:55,5
DA:57,4
DA:72,2
LF:16
LH:14
BRDA:24,0,0,2
BRDA:24,1,0,5
BRDA:37,2,0,4
BRDA:37,2,1,1
BRDA:43,3,0,4
BRDA:43,3,1,0
BRDA:55,4,0,1
BRDA:55,4,1,4
BRDA:63,5,0,4
BRDA:63,5,1,0
BRF:10
BRH:8
end_of_record
TN:
SF:src\components\index.ts
FNF:0
FNH:0
LF:0
LH:0
BRF:0
BRH:0
end_of_record
TN:
SF:src\hooks\useTheme.ts
FN:4,useTheme
FN:5,(anonymous_1)
FNF:2
FNH:2
FNDA:116,useTheme
FNDA:345,(anonymous_1)
DA:5,345
DA:6,116
DA:8,116
LF:3
LH:3
BRDA:6,0,0,1
BRDA:6,0,1,115
BRF:2
BRH:2
end_of_record
TN:
SF:src\screens\LoginScreen.tsx
FN:18,LoginScreen
FN:25,(anonymous_1)
FN:41,(anonymous_2)
FN:93,(anonymous_3)
FN:105,(anonymous_4)
FN:132,(anonymous_5)
FN:141,(anonymous_6)
FNF:7
FNH:4
FNDA:19,LoginScreen
FNDA:4,(anonymous_1)
FNDA:0,(anonymous_2)
FNDA:0,(anonymous_3)
FNDA:1,(anonymous_4)
FNDA:0,(anonymous_5)
FNDA:1,(anonymous_6)
DA:19,19
DA:20,19
DA:21,19
DA:22,19
DA:23,19
DA:25,19
DA:26,4
DA:27,1
DA:28,1
DA:30,3
DA:31,3
DA:32,3
DA:33,2
DA:35,1
DA:37,3
DA:41,19
DA:42,0
DA:43,0
DA:44,0
DA:46,0
DA:50,19
DA:93,0
DA:105,1
DA:132,0
DA:141,1
DA:150,1
LF:26
LH:20
BRDA:26,0,0,1
BRDA:26,0,1,3
BRDA:26,1,0,4
BRDA:26,1,1,3
BRDA:35,2,0,1
BRDA:35,2,1,0
BRDA:53,3,0,19
BRDA:53,3,1,0
BRDA:96,4,0,0
BRDA:96,4,1,19
BRF:10
BRH:7
end_of_record
TN:
SF:src\services\api.ts
FN:34,isSupabaseConfigured
FN:38,tryWithSupabase
FN:57,(anonymous_2)
FN:59,(anonymous_3)
FN:69,(anonymous_4)
FN:77,(anonymous_5)
FN:84,(anonymous_6)
FN:91,(anonymous_7)
FN:93,(anonymous_8)
FN:96,(anonymous_9)
FN:103,(anonymous_10)
FN:111,(anonymous_11)
FN:118,(anonymous_12)
FN:125,(anonymous_13)
FN:127,(anonymous_14)
FN:137,(anonymous_15)
FN:145,(anonymous_16)
FN:152,(anonymous_17)
FN:159,(anonymous_18)
FN:161,(anonymous_19)
FN:171,(anonymous_20)
FN:179,(anonymous_21)
FN:186,(anonymous_22)
FN:193,(anonymous_23)
FN:195,(anonymous_24)
FN:216,(anonymous_25)
FN:218,(anonymous_26)
FN:227,(anonymous_27)
FN:233,(anonymous_28)
FN:240,(anonymous_29)
FN:246,(anonymous_30)
FN:248,(anonymous_31)
FN:257,(anonymous_32)
FN:264,(anonymous_33)
FN:271,(anonymous_34)
FN:277,(anonymous_35)
FN:284,(anonymous_36)
FNF:37
FNH:29
FNDA:27,isSupabaseConfigured
FNDA:7,tryWithSupabase
FNDA:1,(anonymous_2)
FNDA:0,(anonymous_3)
FNDA:1,(anonymous_4)
FNDA:1,(anonymous_5)
FNDA:1,(anonymous_6)
FNDA:1,(anonymous_7)
FNDA:0,(anonymous_8)
FNDA:0,(anonymous_9)
FNDA:1,(anonymous_10)
FNDA:1,(anonymous_11)
FNDA:1,(anonymous_12)
FNDA:1,(anonymous_13)
FNDA:0,(anonymous_14)
FNDA:1,(anonymous_15)
FNDA:1,(anonymous_16)
FNDA:1,(anonymous_17)
FNDA:1,(anonymous_18)
FNDA:0,(anonymous_19)
FNDA:1,(anonymous_20)
FNDA:1,(anonymous_21)
FNDA:1,(anonymous_22)
FNDA:1,(anonymous_23)
FNDA:0,(anonymous_24)
FNDA:1,(anonymous_25)
FNDA:0,(anonymous_26)
FNDA:1,(anonymous_27)
FNDA:1,(anonymous_28)
FNDA:1,(anonymous_29)
FNDA:1,(anonymous_30)
FNDA:0,(anonymous_31)
FNDA:1,(anonymous_32)
FNDA:1,(anonymous_33)
FNDA:1,(anonymous_34)
FNDA:1,(anonymous_35)
FNDA:1,(anonymous_36)
DA:14,1
DA:35,27
DA:39,7
DA:40,7
DA:41,7
DA:43,0
DA:44,0
DA:45,0
DA:46,0
DA:48,0
DA:49,0
DA:50,0
DA:52,0
DA:56,1
DA:58,1
DA:60,0
DA:61,0
DA:62,0
DA:70,1
DA:71,0
DA:72,0
DA:73,0
DA:74,0
DA:78,1
DA:79,0
DA:80,0
DA:81,0
DA:85,1
DA:86,0
DA:87,0
DA:88,0
DA:92,1
DA:94,0
DA:95,0
DA:96,0
DA:104,1
DA:105,0
DA:106,0
DA:107,0
DA:108,0
DA:112,1
DA:113,0
DA:114,0
DA:115,0
DA:119,1
DA:120,0
DA:121,0
DA:122,0
DA:126,1
DA:128,0
DA:129,0
DA:130,0
DA:138,1
DA:139,0
DA:140,0
DA:141,0
DA:142,0
DA:146,1
DA:147,0
DA:148,0
DA:149,0
DA:153,1
DA:154,0
DA:155,0
DA:156,0
DA:160,1
DA:162,0
DA:163,0
DA:164,0
DA:172,1
DA:173,0
DA:174,0
DA:175,0
DA:176,0
DA:180,1
DA:181,0
DA:182,0
DA:183,0
DA:187,1
DA:188,0
DA:189,0
DA:190,0
DA:194,1
DA:196,0
DA:197,0
DA:198,0
DA:203,0
DA:217,1
DA:219,0
DA:220,0
DA:221,0
DA:228,1
DA:229,0
DA:230,0
DA:234,1
DA:235,0
DA:236,0
DA:237,0
DA:241,1
DA:242,0
DA:243,0
DA:247,1
DA:249,0
DA:250,0
DA:251,0
DA:258,1
DA:259,0
DA:260,0
DA:261,0
DA:265,1
DA:266,0
DA:267,0
DA:268,0
DA:272,1
DA:273,0
DA:274,0
DA:278,1
DA:279,0
DA:280,0
DA:281,0
DA:285,1
DA:286,0
DA:287,0
LF:123
LH:33
BRDA:39,0,0,7
BRDA:39,0,1,0
BRDA:40,1,0,4
BRDA:40,1,1,3
BRDA:45,2,0,0
BRDA:45,2,1,0
BRDA:48,3,0,0
BRDA:48,3,1,0
BRDA:50,4,0,0
BRDA:50,4,1,0
BRDA:61,5,0,0
BRDA:61,5,1,0
BRDA:62,6,0,0
BRDA:62,6,1,0
BRDA:70,7,0,1
BRDA:70,7,1,0
BRDA:72,8,0,0
BRDA:72,8,1,0
BRDA:78,9,0,1
BRDA:78,9,1,0
BRDA:80,10,0,0
BRDA:80,10,1,0
BRDA:85,11,0,1
BRDA:85,11,1,0
BRDA:87,12,0,0
BRDA:87,12,1,0
BRDA:95,13,0,0
BRDA:95,13,1,0
BRDA:96,14,0,0
BRDA:96,14,1,0
BRDA:104,15,0,1
BRDA:104,15,1,0
BRDA:106,16,0,0
BRDA:106,16,1,0
BRDA:112,17,0,1
BRDA:112,17,1,0
BRDA:114,18,0,0
BRDA:114,18,1,0
BRDA:119,19,0,1
BRDA:119,19,1,0
BRDA:121,20,0,0
BRDA:121,20,1,0
BRDA:129,21,0,0
BRDA:129,21,1,0
BRDA:130,22,0,0
BRDA:130,22,1,0
BRDA:138,23,0,1
BRDA:138,23,1,0
BRDA:140,24,0,0
BRDA:140,24,1,0
BRDA:146,25,0,1
BRDA:146,25,1,0
BRDA:148,26,0,0
BRDA:148,26,1,0
BRDA:153,27,0,1
BRDA:153,27,1,0
BRDA:155,28,0,0
BRDA:155,28,1,0
BRDA:163,29,0,0
BRDA:163,29,1,0
BRDA:164,30,0,0
BRDA:164,30,1,0
BRDA:172,31,0,1
BRDA:172,31,1,0
BRDA:174,32,0,0
BRDA:174,32,1,0
BRDA:180,33,0,1
BRDA:180,33,1,0
BRDA:182,34,0,0
BRDA:182,34,1,0
BRDA:187,35,0,1
BRDA:187,35,1,0
BRDA:189,36,0,0
BRDA:189,36,1,0
BRDA:204,37,0,0
BRDA:204,37,1,0
BRDA:205,38,0,0
BRDA:205,38,1,0
BRDA:207,39,0,0
BRDA:207,39,1,0
BRDA:220,40,0,0
BRDA:220,40,1,0
BRDA:228,41,0,1
BRDA:228,41,1,0
BRDA:230,42,0,0
BRDA:230,42,1,0
BRDA:234,43,0,1
BRDA:234,43,1,0
BRDA:236,44,0,0
BRDA:236,44,1,0
BRDA:241,45,0,1
BRDA:241,45,1,0
BRDA:243,46,0,0
BRDA:243,46,1,0
BRDA:250,47,0,0
BRDA:250,47,1,0
BRDA:251,48,0,0
BRDA:251,48,1,0
BRDA:258,49,0,1
BRDA:258,49,1,0
BRDA:260,50,0,0
BRDA:260,50,1,0
BRDA:261,51,0,0
BRDA:261,51,1,0
BRDA:265,52,0,1
BRDA:265,52,1,0
BRDA:267,53,0,0
BRDA:267,53,1,0
BRDA:272,54,0,1
BRDA:272,54,1,0
BRDA:274,55,0,0
BRDA:274,55,1,0
BRDA:278,56,0,1
BRDA:278,56,1,0
BRDA:280,57,0,0
BRDA:280,57,1,0
BRDA:285,58,0,1
BRDA:285,58,1,0
BRF:118
BRH:23
end_of_record
TN:
SF:src\services\auth.ts
FN:5,isSupabaseConfigured
FN:9,mockUser
FN:23,(anonymous_2)
FN:49,(anonymous_3)
FN:71,(anonymous_4)
FN:78,(anonymous_5)
FN:84,(anonymous_6)
FN:95,(anonymous_7)
FN:106,(anonymous_8)
FN:116,(anonymous_9)
FN:134,(anonymous_10)
FN:135,(anonymous_11)
FN:136,(anonymous_12)
FNF:13
FNH:9
FNDA:13,isSupabaseConfigured
FNDA:8,mockUser
FNDA:2,(anonymous_2)
FNDA:4,(anonymous_3)
FNDA:1,(anonymous_4)
FNDA:0,(anonymous_5)
FNDA:1,(anonymous_6)
FNDA:1,(anonymous_7)
FNDA:4,(anonymous_8)
FNDA:2,(anonymous_9)
FNDA:0,(anonymous_10)
FNDA:0,(anonymous_11)
FNDA:0,(anonymous_12)
DA:6,13
DA:10,8
DA:22,1
DA:24,2
DA:25,2
DA:26,2
DA:27,2
DA:29,0
DA:34,0
DA:35,0
DA:36,0
DA:44,0
DA:46,0
DA:50,4
DA:51,4
DA:52,4
DA:53,4
DA:55,0
DA:56,0
DA:57,0
DA:58,0
DA:66,0
DA:68,0
DA:72,1
DA:73,1
DA:74,0
DA:75,0
DA:79,0
DA:80,0
DA:81,0
DA:85,1
DA:86,1
DA:87,1
DA:88,1
DA:90,0
DA:91,0
DA:92,0
DA:96,1
DA:97,1
DA:98,1
DA:99,1
DA:101,0
DA:102,0
DA:103,0
DA:107,4
DA:108,4
DA:109,4
DA:111,0
DA:112,0
DA:113,0
DA:117,2
DA:118,2
DA:119,1
DA:127,1
DA:128,1
DA:130,1
DA:131,1
DA:135,0
DA:136,0
LF:59
LH:31
BRDA:24,0,0,2
BRDA:24,0,1,0
BRDA:34,1,0,0
BRDA:34,1,1,0
BRDA:35,2,0,0
BRDA:35,2,1,0
BRDA:38,3,0,0
BRDA:38,3,1,0
BRDA:39,4,0,0
BRDA:39,4,1,0
BRDA:50,5,0,4
BRDA:50,5,1,0
BRDA:56,6,0,0
BRDA:56,6,1,0
BRDA:57,7,0,0
BRDA:57,7,1,0
BRDA:60,8,0,0
BRDA:60,8,1,0
BRDA:61,9,0,0
BRDA:61,9,1,0
BRDA:73,10,0,1
BRDA:73,10,1,0
BRDA:75,11,0,0
BRDA:75,11,1,0
BRDA:79,12,0,0
BRDA:79,12,1,0
BRDA:81,13,0,0
BRDA:81,13,1,0
BRDA:85,14,0,1
BRDA:85,14,1,0
BRDA:91,15,0,0
BRDA:91,15,1,0
BRDA:96,16,0,1
BRDA:96,16,1,0
BRDA:102,17,0,0
BRDA:102,17,1,0
BRDA:107,18,0,4
BRDA:107,18,1,0
BRDA:109,19,0,2
BRDA:109,19,1,2
BRDA:112,20,0,0
BRDA:112,20,1,0
BRDA:118,21,0,1
BRDA:118,21,1,1
BRDA:121,22,0,1
BRDA:121,22,1,0
BRDA:122,23,0,1
BRDA:122,23,1,1
BRDA:122,23,2,0
BRDA:135,24,0,0
BRDA:135,24,1,0
BRF:51
BRH:13
end_of_record
TN:
SF:src\services\cache.ts
FN:12,(anonymous_0)
FN:27,(anonymous_1)
FN:34,(anonymous_2)
FN:40,(anonymous_3)
FN:43,(anonymous_4)
FNF:5
FNH:5
FNDA:7,(anonymous_0)
FNDA:10,(anonymous_1)
FNDA:13,(anonymous_2)
FNDA:2,(anonymous_3)
FNDA:4,(anonymous_4)
DA:3,2
DA:4,2
DA:11,2
DA:13,7
DA:14,7
DA:15,7
DA:16,2
DA:17,2
DA:18,1
DA:19,1
DA:21,1
DA:23,0
DA:28,10
DA:29,10
DA:30,10
DA:35,13
DA:36,13
DA:41,2
DA:42,2
DA:43,4
DA:44,2
LF:21
LH:20
BRDA:15,0,0,5
BRDA:15,0,1,2
BRDA:17,1,0,1
BRDA:17,1,1,1
BRDA:44,2,0,2
BRDA:44,2,1,0
BRF:6
BRH:5
end_of_record
TN:
SF:src\store\index.ts
FNF:0
FNH:0
LF:0
LH:0
BRF:0
BRH:0
end_of_record
TN:
SF:src\store\useAppStore.ts
FN:36,(anonymous_0)
FN:45,(anonymous_1)
FN:46,(anonymous_2)
FN:47,(anonymous_3)
FN:47,(anonymous_4)
FN:48,(anonymous_5)
FN:49,(anonymous_6)
FN:50,(anonymous_7)
FN:51,(anonymous_8)
FN:52,(anonymous_9)
FN:53,(anonymous_10)
FN:54,(anonymous_11)
FN:63,(anonymous_12)
FN:64,(anonymous_13)
FNF:14
FNH:14
FNDA:18,(anonymous_0)
FNDA:14,(anonymous_1)
FNDA:2,(anonymous_2)
FNDA:6,(anonymous_3)
FNDA:6,(anonymous_4)
FNDA:4,(anonymous_5)
FNDA:1,(anonymous_6)
FNDA:1,(anonymous_7)
FNDA:1,(anonymous_8)
FNDA:4,(anonymous_9)
FNDA:2,(anonymous_10)
FNDA:3,(anonymous_11)
FNDA:18,(anonymous_12)
FNDA:73,(anonymous_13)
DA:34,18
DA:36,18
DA:45,14
DA:46,2
DA:47,6
DA:48,4
DA:49,1
DA:50,1
DA:51,1
DA:52,4
DA:53,2
DA:55,3
DA:63,18
DA:64,73
LF:14
LH:14
BRDA:52,0,0,2
BRF:1
BRH:1
end_of_record
TN:
SF:src\store\useThemeStore.ts
FN:3,useThemeStore
FN:4,(anonymous_1)
FN:5,(anonymous_2)
FN:6,(anonymous_3)
FNF:4
FNH:4
FNDA:5,useThemeStore
FNDA:17,(anonymous_1)
FNDA:17,(anonymous_2)
FNDA:17,(anonymous_3)
DA:4,17
DA:5,17
DA:6,17
DA:8,5
LF:4
LH:4
BRF:0
BRH:0
end_of_record
TN:
SF:src\theme\colors.ts
FNF:0
FNH:0
DA:1,14
LF:1
LH:1
BRF:0
BRH:0
end_of_record
TN:
SF:src\theme\spacing.ts
FNF:0
FNH:0
DA:1,11
DA:13,11
LF:2
LH:2
BRF:0
BRH:0
end_of_record
TN:
SF:src\utils\formatters.ts
FN:1,formatCurrency
FN:10,formatDate
FN:31,formatPhone
FN:35,getInitials
FN:38,(anonymous_4)
FN:44,getStatusColor
FN:58,getStatusLabel
FN:72,getPriorityColor
FNF:8
FNH:8
FNDA:5,formatCurrency
FNDA:10,formatDate
FNDA:3,formatPhone
FNDA:9,getInitials
FNDA:12,(anonymous_4)
FNDA:5,getStatusColor
FNDA:4,getStatusLabel
FNDA:4,getPriorityColor
DA:2,5
DA:11,10
DA:12,10
DA:13,6
DA:14,6
DA:15,6
DA:16,6
DA:17,6
DA:18,6
DA:19,4
DA:20,3
DA:21,2
DA:22,1
DA:24,4
DA:32,3
DA:36,9
DA:38,12
DA:45,5
DA:55,5
DA:59,4
DA:69,4
DA:73,4
DA:79,4
LF:23
LH:23
BRDA:1,0,0,5
BRDA:10,1,0,1
BRDA:12,2,0,6
BRDA:12,2,1,4
BRDA:18,3,0,2
BRDA:18,3,1,4
BRDA:19,4,0,1
BRDA:19,4,1,3
BRDA:20,5,0,1
BRDA:20,5,1,2
BRDA:21,6,0,1
BRDA:21,6,1,1
BRDA:26,7,0,1
BRDA:26,7,1,3
BRDA:55,8,0,5
BRDA:55,8,1,1
BRDA:69,9,0,4
BRDA:69,9,1,0
BRDA:79,10,0,4
BRDA:79,10,1,0
BRF:20
BRH:18
end_of_record
TN:
SF:src\utils\haptics.ts
FN:3,hapticLight
FN:7,hapticMedium
FN:11,hapticSuccess
FN:15,hapticError
FN:19,hapticWarning
FNF:5
FNH:5
FNDA:7,hapticLight
FNDA:1,hapticMedium
FNDA:1,hapticSuccess
FNDA:1,hapticError
FNDA:1,hapticWarning
DA:4,7
DA:8,1
DA:12,1
DA:16,1
DA:20,1
LF:5
LH:5
BRF:0
BRH:0
end_of_record
TN:
SF:src\utils\index.ts
FNF:0
FNH:0
LF:0
LH:0
BRF:0
BRH:0
end_of_record
TN:
SF:src\utils\validators.ts
FN:1,isValidEmail
FN:5,isValidPhone
FN:9,isValidUrl
FN:18,isStrongPassword
FNF:4
FNH:4
FNDA:5,isValidEmail
FNDA:3,isValidPhone
FNDA:2,isValidUrl
FNDA:2,isStrongPassword
DA:2,5
DA:6,3
DA:10,2
DA:11,2
DA:12,1
DA:14,1
DA:19,2
LF:7
LH:7
BRF:0
BRH:0
end_of_record
TN:
SF:src\utils\whatsapp.ts
FN:3,openWhatsApp
FN:10,(anonymous_1)
FN:15,openMaps
FN:24,openEmail
FNF:4
FNH:4
FNDA:4,openWhatsApp
FNDA:1,(anonymous_1)
FNDA:3,openMaps
FNDA:2,openEmail
DA:4,4
DA:5,4
DA:6,4
DA:10,4
DA:11,1
DA:16,3
DA:21,3
DA:25,2
DA:26,2
LF:9
LH:9
BRDA:5,0,0,2
BRDA:5,0,1,2
BRDA:6,1,0,3
BRDA:6,1,1,1
BRDA:17,2,0,3
BRDA:17,2,1,2
BRDA:18,3,0,3
BRDA:18,3,1,2
BRDA:25,4,0,1
BRDA:25,4,1,1
BRF:10
BRH:10
end_of_record
